{"/Users/munozk/Projects/cfgov-refresh/_tests/unit_tests/footer-button-spec.js":{"path":"/Users/munozk/Projects/cfgov-refresh/_tests/unit_tests/footer-button-spec.js","s":{"1":1,"2":1,"3":1,"4":1,"5":1,"6":1,"7":1,"8":1,"9":1,"10":1,"11":1,"12":1},"b":{},"f":{"1":1,"2":1,"3":1,"4":1},"fnMap":{"1":{"name":"(anonymous_1)","line":5,"loc":{"start":{"line":5,"column":34},"end":{"line":5,"column":45}}},"2":{"name":"(anonymous_2)","line":12,"loc":{"start":{"line":12,"column":11},"end":{"line":12,"column":22}}},"3":{"name":"(anonymous_3)","line":17,"loc":{"start":{"line":17,"column":15},"end":{"line":17,"column":25}}},"4":{"name":"(anonymous_4)","line":20,"loc":{"start":{"line":20,"column":18},"end":{"line":20,"column":28}}}},"statementMap":{"1":{"start":{"line":1,"column":0},"end":{"line":1,"column":27}},"2":{"start":{"line":2,"column":0},"end":{"line":2,"column":25}},"3":{"start":{"line":3,"column":0},"end":{"line":3,"column":35}},"4":{"start":{"line":5,"column":0},"end":{"line":23,"column":3}},"5":{"start":{"line":8,"column":4},"end":{"line":8,"column":24}},"6":{"start":{"line":10,"column":4},"end":{"line":10,"column":12}},"7":{"start":{"line":12,"column":4},"end":{"line":15,"column":7}},"8":{"start":{"line":13,"column":8},"end":{"line":13,"column":30}},"9":{"start":{"line":14,"column":8},"end":{"line":14,"column":79}},"10":{"start":{"line":17,"column":4},"end":{"line":18,"column":7}},"11":{"start":{"line":20,"column":2},"end":{"line":22,"column":5}},"12":{"start":{"line":21,"column":4},"end":{"line":21,"column":34}}},"branchMap":{}},"/Users/munozk/Projects/cfgov-refresh/src/static/js/modules/footer-button.js":{"path":"/Users/munozk/Projects/cfgov-refresh/src/static/js/modules/footer-button.js","s":{"1":1,"2":1,"3":0,"4":0,"5":0,"6":0,"7":1},"b":{},"f":{"1":0,"2":0},"fnMap":{"1":{"name":"init","line":9,"loc":{"start":{"line":9,"column":0},"end":{"line":9,"column":16}}},"2":{"name":"(anonymous_2)","line":12,"loc":{"start":{"line":12,"column":34},"end":{"line":12,"column":52}}}},"statementMap":{"1":{"start":{"line":7,"column":0},"end":{"line":7,"column":28}},"2":{"start":{"line":9,"column":0},"end":{"line":16,"column":1}},"3":{"start":{"line":10,"column":4},"end":{"line":10,"column":23}},"4":{"start":{"line":12,"column":4},"end":{"line":15,"column":8}},"5":{"start":{"line":13,"column":8},"end":{"line":13,"column":31}},"6":{"start":{"line":14,"column":8},"end":{"line":14,"column":62}},"7":{"start":{"line":18,"column":0},"end":{"line":18,"column":32}}},"branchMap":{}}}