{"/Users/munozk/Projects/cfgov-refresh/src/static/js/modules/footer-button.js":{"path":"/Users/munozk/Projects/cfgov-refresh/src/static/js/modules/footer-button.js","s":{"1":1,"2":1,"3":2,"4":2,"5":2,"6":2,"7":1},"b":{},"f":{"1":2,"2":2},"fnMap":{"1":{"name":"init","line":9,"loc":{"start":{"line":9,"column":0},"end":{"line":9,"column":16}}},"2":{"name":"(anonymous_2)","line":12,"loc":{"start":{"line":12,"column":34},"end":{"line":12,"column":52}}}},"statementMap":{"1":{"start":{"line":7,"column":0},"end":{"line":7,"column":28}},"2":{"start":{"line":9,"column":0},"end":{"line":16,"column":1}},"3":{"start":{"line":10,"column":2},"end":{"line":10,"column":21}},"4":{"start":{"line":12,"column":2},"end":{"line":15,"column":6}},"5":{"start":{"line":13,"column":4},"end":{"line":13,"column":27}},"6":{"start":{"line":14,"column":4},"end":{"line":14,"column":60}},"7":{"start":{"line":18,"column":0},"end":{"line":18,"column":32}}},"branchMap":{}}}