TN:
SF:/Users/munozk/Projects/cfgov-refresh/_tests/unit_tests/footer-button-spec.js
FN:6,(anonymous_1)
FN:12,(anonymous_2)
FN:17,(anonymous_3)
FN:24,(anonymous_4)
FN:29,(anonymous_5)
FNF:5
FNH:5
FNDA:1,(anonymous_1)
FNDA:1,(anonymous_2)
FNDA:2,(anonymous_3)
FNDA:1,(anonymous_4)
FNDA:1,(anonymous_5)
DA:2,1
DA:3,1
DA:4,1
DA:6,1
DA:8,1
DA:10,1
DA:12,1
DA:13,1
DA:14,1
DA:17,1
DA:19,2
DA:24,1
DA:25,1
DA:26,1
DA:29,1
DA:30,1
LF:16
LH:16
BRF:0
BRH:0
end_of_record
TN:
SF:/Users/munozk/Projects/cfgov-refresh/src/static/js/modules/footer-button.js
FN:9,init
FN:12,(anonymous_2)
FNF:2
FNH:0
FNDA:0,init
FNDA:0,(anonymous_2)
DA:7,1
DA:9,1
DA:10,0
DA:12,0
DA:13,0
DA:14,0
DA:18,1
LF:7
LH:3
BRF:0
BRH:0
end_of_record
