<?xml version="1.0" encoding="UTF-8" ?>
<testsuites>
 <testsuite name="focused specs" timestamp="2017-03-01T17:31:50" hostname="localhost" time="55.413" errors="0" tests="7" skipped="0" disabled="0" failures="9">
  <testcase classname="focused specs" name="should properly load in a browser" time="0.017">
   <failure type="toContain" message="Expected &apos;&apos; to contain &apos;About David Silberman&apos;."><![CDATA[Error: Failed expectation
    at Object.<anonymous> (/Users/muchniki/dev/cfgov-refresh/test/browser_tests/spec_suites/content/about-deputy-director.js:15:34)
    at /Users/muchniki/.nvm/versions/node/v6.9.5/lib/node_modules/protractor/node_modules/jasminewd2/index.js:110:25
    at new ManagedPromise (/Users/muchniki/.nvm/versions/node/v6.9.5/lib/node_modules/protractor/node_modules/selenium-webdriver/lib/promise.js:1067:7)
    at ControlFlow.promise (/Users/muchniki/.nvm/versions/node/v6.9.5/lib/node_modules/protractor/node_modules/selenium-webdriver/lib/promise.js:2396:12)
    at schedulerExecute (/Users/muchniki/.nvm/versions/node/v6.9.5/lib/node_modules/protractor/node_modules/jasminewd2/index.js:95:18)
    at TaskQueue.execute_ (/Users/muchniki/.nvm/versions/node/v6.9.5/lib/node_modules/protractor/node_modules/selenium-webdriver/lib/promise.js:2970:14)
    at TaskQueue.executeNext_ (/Users/muchniki/.nvm/versions/node/v6.9.5/lib/node_modules/protractor/node_modules/selenium-webdriver/lib/promise.js:2953:27)
    at asyncRun (/Users/muchniki/.nvm/versions/node/v6.9.5/lib/node_modules/protractor/node_modules/selenium-webdriver/lib/promise.js:2860:25)
    at /Users/muchniki/.nvm/versions/node/v6.9.5/lib/node_modules/protractor/node_modules/selenium-webdriver/lib/promise.js:676:7]]>
   </failure>
  </testcase>
  <testcase classname="focused specs" name="should have a side nav" time="0.264">
   <failure type="toBe" message="Expected false to be true."><![CDATA[Error: Failed expectation
    at Object.<anonymous> (/Users/muchniki/dev/cfgov-refresh/test/browser_tests/spec_suites/content/about-deputy-director.js:21:42)
    at /Users/muchniki/.nvm/versions/node/v6.9.5/lib/node_modules/protractor/node_modules/jasminewd2/index.js:110:25
    at new ManagedPromise (/Users/muchniki/.nvm/versions/node/v6.9.5/lib/node_modules/protractor/node_modules/selenium-webdriver/lib/promise.js:1067:7)
    at ControlFlow.promise (/Users/muchniki/.nvm/versions/node/v6.9.5/lib/node_modules/protractor/node_modules/selenium-webdriver/lib/promise.js:2396:12)
    at schedulerExecute (/Users/muchniki/.nvm/versions/node/v6.9.5/lib/node_modules/protractor/node_modules/jasminewd2/index.js:95:18)
    at TaskQueue.execute_ (/Users/muchniki/.nvm/versions/node/v6.9.5/lib/node_modules/protractor/node_modules/selenium-webdriver/lib/promise.js:2970:14)
    at TaskQueue.executeNext_ (/Users/muchniki/.nvm/versions/node/v6.9.5/lib/node_modules/protractor/node_modules/selenium-webdriver/lib/promise.js:2953:27)
    at asyncRun (/Users/muchniki/.nvm/versions/node/v6.9.5/lib/node_modules/protractor/node_modules/selenium-webdriver/lib/promise.js:2860:25)
    at /Users/muchniki/.nvm/versions/node/v6.9.5/lib/node_modules/protractor/node_modules/selenium-webdriver/lib/promise.js:676:7]]>
   </failure>
  </testcase>
  <testcase classname="focused specs" name="should include the Deputy Director’s bio" time="0.253">
   <failure type="toBe" message="Expected false to be true."><![CDATA[Error: Failed expectation
    at Object.<anonymous> (/Users/muchniki/dev/cfgov-refresh/test/browser_tests/spec_suites/content/about-deputy-director.js:27:46)
    at /Users/muchniki/.nvm/versions/node/v6.9.5/lib/node_modules/protractor/node_modules/jasminewd2/index.js:110:25
    at new ManagedPromise (/Users/muchniki/.nvm/versions/node/v6.9.5/lib/node_modules/protractor/node_modules/selenium-webdriver/lib/promise.js:1067:7)
    at ControlFlow.promise (/Users/muchniki/.nvm/versions/node/v6.9.5/lib/node_modules/protractor/node_modules/selenium-webdriver/lib/promise.js:2396:12)
    at schedulerExecute (/Users/muchniki/.nvm/versions/node/v6.9.5/lib/node_modules/protractor/node_modules/jasminewd2/index.js:95:18)
    at TaskQueue.execute_ (/Users/muchniki/.nvm/versions/node/v6.9.5/lib/node_modules/protractor/node_modules/selenium-webdriver/lib/promise.js:2970:14)
    at TaskQueue.executeNext_ (/Users/muchniki/.nvm/versions/node/v6.9.5/lib/node_modules/protractor/node_modules/selenium-webdriver/lib/promise.js:2953:27)
    at asyncRun (/Users/muchniki/.nvm/versions/node/v6.9.5/lib/node_modules/protractor/node_modules/selenium-webdriver/lib/promise.js:2860:25)
    at /Users/muchniki/.nvm/versions/node/v6.9.5/lib/node_modules/protractor/node_modules/selenium-webdriver/lib/promise.js:676:7]]>
   </failure>
  </testcase>
  <testcase classname="focused specs" name="should include the Deputy Director’s image" time="0.248">
   <failure type="toBe" message="Expected false to be true."><![CDATA[Error: Failed expectation
    at Object.<anonymous> (/Users/muchniki/dev/cfgov-refresh/test/browser_tests/spec_suites/content/about-deputy-director.js:33:48)
    at /Users/muchniki/.nvm/versions/node/v6.9.5/lib/node_modules/protractor/node_modules/jasminewd2/index.js:110:25
    at new ManagedPromise (/Users/muchniki/.nvm/versions/node/v6.9.5/lib/node_modules/protractor/node_modules/selenium-webdriver/lib/promise.js:1067:7)
    at ControlFlow.promise (/Users/muchniki/.nvm/versions/node/v6.9.5/lib/node_modules/protractor/node_modules/selenium-webdriver/lib/promise.js:2396:12)
    at schedulerExecute (/Users/muchniki/.nvm/versions/node/v6.9.5/lib/node_modules/protractor/node_modules/jasminewd2/index.js:95:18)
    at TaskQueue.execute_ (/Users/muchniki/.nvm/versions/node/v6.9.5/lib/node_modules/protractor/node_modules/selenium-webdriver/lib/promise.js:2970:14)
    at TaskQueue.executeNext_ (/Users/muchniki/.nvm/versions/node/v6.9.5/lib/node_modules/protractor/node_modules/selenium-webdriver/lib/promise.js:2953:27)
    at asyncRun (/Users/muchniki/.nvm/versions/node/v6.9.5/lib/node_modules/protractor/node_modules/selenium-webdriver/lib/promise.js:2860:25)
    at /Users/muchniki/.nvm/versions/node/v6.9.5/lib/node_modules/protractor/node_modules/selenium-webdriver/lib/promise.js:676:7]]>
   </failure>
  </testcase>
  <testcase classname="focused specs" name="should include a bio download link" time="0.273">
   <failure type="toBe" message="Expected false to be true."><![CDATA[Error: Failed expectation
    at Object.<anonymous> (/Users/muchniki/dev/cfgov-refresh/test/browser_tests/spec_suites/content/about-deputy-director.js:39:46)
    at /Users/muchniki/.nvm/versions/node/v6.9.5/lib/node_modules/protractor/node_modules/jasminewd2/index.js:110:25
    at new ManagedPromise (/Users/muchniki/.nvm/versions/node/v6.9.5/lib/node_modules/protractor/node_modules/selenium-webdriver/lib/promise.js:1067:7)
    at ControlFlow.promise (/Users/muchniki/.nvm/versions/node/v6.9.5/lib/node_modules/protractor/node_modules/selenium-webdriver/lib/promise.js:2396:12)
    at schedulerExecute (/Users/muchniki/.nvm/versions/node/v6.9.5/lib/node_modules/protractor/node_modules/jasminewd2/index.js:95:18)
    at TaskQueue.execute_ (/Users/muchniki/.nvm/versions/node/v6.9.5/lib/node_modules/protractor/node_modules/selenium-webdriver/lib/promise.js:2970:14)
    at TaskQueue.executeNext_ (/Users/muchniki/.nvm/versions/node/v6.9.5/lib/node_modules/protractor/node_modules/selenium-webdriver/lib/promise.js:2953:27)
    at asyncRun (/Users/muchniki/.nvm/versions/node/v6.9.5/lib/node_modules/protractor/node_modules/selenium-webdriver/lib/promise.js:2860:25)
    at /Users/muchniki/.nvm/versions/node/v6.9.5/lib/node_modules/protractor/node_modules/selenium-webdriver/lib/promise.js:676:7]]>
   </failure>
  </testcase>
  <testcase classname="focused specs" name="should include the Deputy Director’s high resolution image" time="0.494">
   <failure type="toBe" message="Expected false to be true."><![CDATA[Error: Failed expectation
    at Object.<anonymous> (/Users/muchniki/dev/cfgov-refresh/test/browser_tests/spec_suites/content/about-deputy-director.js:46:50)
    at /Users/muchniki/.nvm/versions/node/v6.9.5/lib/node_modules/protractor/node_modules/jasminewd2/index.js:110:25
    at new ManagedPromise (/Users/muchniki/.nvm/versions/node/v6.9.5/lib/node_modules/protractor/node_modules/selenium-webdriver/lib/promise.js:1067:7)
    at ControlFlow.promise (/Users/muchniki/.nvm/versions/node/v6.9.5/lib/node_modules/protractor/node_modules/selenium-webdriver/lib/promise.js:2396:12)
    at schedulerExecute (/Users/muchniki/.nvm/versions/node/v6.9.5/lib/node_modules/protractor/node_modules/jasminewd2/index.js:95:18)
    at TaskQueue.execute_ (/Users/muchniki/.nvm/versions/node/v6.9.5/lib/node_modules/protractor/node_modules/selenium-webdriver/lib/promise.js:2970:14)
    at TaskQueue.executeNext_ (/Users/muchniki/.nvm/versions/node/v6.9.5/lib/node_modules/protractor/node_modules/selenium-webdriver/lib/promise.js:2953:27)
    at asyncRun (/Users/muchniki/.nvm/versions/node/v6.9.5/lib/node_modules/protractor/node_modules/selenium-webdriver/lib/promise.js:2860:25)
    at /Users/muchniki/.nvm/versions/node/v6.9.5/lib/node_modules/protractor/node_modules/selenium-webdriver/lib/promise.js:676:7]]>
   </failure>
   <failure type="exception" message="Failed: Index out of bound. Trying to access element at index: 0, but there are only 0 elements that match locator By(css selector, [data-qa-hook=&quot;director-media-downloads&quot;] .jump-link__download)"><![CDATA[NoSuchElementError: Index out of bound. Trying to access element at index: 0, but there are only 0 elements that match locator By(css selector, [data-qa-hook="director-media-downloads"] .jump-link__download)
    at WebDriverError (/Users/muchniki/.nvm/versions/node/v6.9.5/lib/node_modules/protractor/node_modules/selenium-webdriver/lib/error.js:27:5)
    at NoSuchElementError (/Users/muchniki/.nvm/versions/node/v6.9.5/lib/node_modules/protractor/node_modules/selenium-webdriver/lib/error.js:168:5)
    at selenium_webdriver_1.promise.all.then (/Users/muchniki/.nvm/versions/node/v6.9.5/lib/node_modules/protractor/lib/element.ts:287:17)
    at ManagedPromise.invokeCallback_ (/Users/muchniki/.nvm/versions/node/v6.9.5/lib/node_modules/protractor/node_modules/selenium-webdriver/lib/promise.js:1366:14)
    at TaskQueue.execute_ (/Users/muchniki/.nvm/versions/node/v6.9.5/lib/node_modules/protractor/node_modules/selenium-webdriver/lib/promise.js:2970:14)
    at TaskQueue.executeNext_ (/Users/muchniki/.nvm/versions/node/v6.9.5/lib/node_modules/protractor/node_modules/selenium-webdriver/lib/promise.js:2953:27)
    at asyncRun (/Users/muchniki/.nvm/versions/node/v6.9.5/lib/node_modules/protractor/node_modules/selenium-webdriver/lib/promise.js:2813:27)
    at /Users/muchniki/.nvm/versions/node/v6.9.5/lib/node_modules/protractor/node_modules/selenium-webdriver/lib/promise.js:676:7
    at process._tickCallback (internal/process/next_tick.js:103:7)Error
    at ElementArrayFinder.applyAction_ (/Users/muchniki/.nvm/versions/node/v6.9.5/lib/node_modules/protractor/lib/element.ts:482:23)
    at ElementArrayFinder.(anonymous function) [as getText] (/Users/muchniki/.nvm/versions/node/v6.9.5/lib/node_modules/protractor/lib/element.ts:96:21)
    at ElementFinder.(anonymous function) [as getText] (/Users/muchniki/.nvm/versions/node/v6.9.5/lib/node_modules/protractor/lib/element.ts:873:14)
    at Object.<anonymous> (/Users/muchniki/dev/cfgov-refresh/test/browser_tests/spec_suites/content/about-deputy-director.js:47:36)
    at /Users/muchniki/.nvm/versions/node/v6.9.5/lib/node_modules/protractor/node_modules/jasminewd2/index.js:110:25
    at new ManagedPromise (/Users/muchniki/.nvm/versions/node/v6.9.5/lib/node_modules/protractor/node_modules/selenium-webdriver/lib/promise.js:1067:7)
    at ControlFlow.promise (/Users/muchniki/.nvm/versions/node/v6.9.5/lib/node_modules/protractor/node_modules/selenium-webdriver/lib/promise.js:2396:12)
    at schedulerExecute (/Users/muchniki/.nvm/versions/node/v6.9.5/lib/node_modules/protractor/node_modules/jasminewd2/index.js:95:18)
    at TaskQueue.execute_ (/Users/muchniki/.nvm/versions/node/v6.9.5/lib/node_modules/protractor/node_modules/selenium-webdriver/lib/promise.js:2970:14)
    at TaskQueue.executeNext_ (/Users/muchniki/.nvm/versions/node/v6.9.5/lib/node_modules/protractor/node_modules/selenium-webdriver/lib/promise.js:2953:27)
From: Task: Run it("should include the Deputy Director’s high resolution image") in control flow
    at Object.<anonymous> (/Users/muchniki/.nvm/versions/node/v6.9.5/lib/node_modules/protractor/node_modules/jasminewd2/index.js:94:19)
    at attemptAsync (/Users/muchniki/.nvm/versions/node/v6.9.5/lib/node_modules/protractor/node_modules/jasmine-core/lib/jasmine-core/jasmine.js:1980:24)
    at QueueRunner.run (/Users/muchniki/.nvm/versions/node/v6.9.5/lib/node_modules/protractor/node_modules/jasmine-core/lib/jasmine-core/jasmine.js:1935:9)
    at QueueRunner.execute (/Users/muchniki/.nvm/versions/node/v6.9.5/lib/node_modules/protractor/node_modules/jasmine-core/lib/jasmine-core/jasmine.js:1923:10)
    at Spec.queueRunnerFactory (/Users/muchniki/.nvm/versions/node/v6.9.5/lib/node_modules/protractor/node_modules/jasmine-core/lib/jasmine-core/jasmine.js:714:35)
    at Spec.execute (/Users/muchniki/.nvm/versions/node/v6.9.5/lib/node_modules/protractor/node_modules/jasmine-core/lib/jasmine-core/jasmine.js:371:10)
    at Object.fn (/Users/muchniki/.nvm/versions/node/v6.9.5/lib/node_modules/protractor/node_modules/jasmine-core/lib/jasmine-core/jasmine.js:2579:37)
    at attemptAsync (/Users/muchniki/.nvm/versions/node/v6.9.5/lib/node_modules/protractor/node_modules/jasmine-core/lib/jasmine-core/jasmine.js:1980:24)
    at QueueRunner.run (/Users/muchniki/.nvm/versions/node/v6.9.5/lib/node_modules/protractor/node_modules/jasmine-core/lib/jasmine-core/jasmine.js:1935:9)
    at /Users/muchniki/.nvm/versions/node/v6.9.5/lib/node_modules/protractor/node_modules/jasmine-core/lib/jasmine-core/jasmine.js:1962:16
From asynchronous test: 
Error
    at Suite.<anonymous> (/Users/muchniki/dev/cfgov-refresh/test/browser_tests/spec_suites/content/about-deputy-director.js:43:3)
    at addSpecsToSuite (/Users/muchniki/.nvm/versions/node/v6.9.5/lib/node_modules/protractor/node_modules/jasmine-core/lib/jasmine-core/jasmine.js:867:25)
    at Env.describe (/Users/muchniki/.nvm/versions/node/v6.9.5/lib/node_modules/protractor/node_modules/jasmine-core/lib/jasmine-core/jasmine.js:836:7)
    at describe (/Users/muchniki/.nvm/versions/node/v6.9.5/lib/node_modules/protractor/node_modules/jasmine-core/lib/jasmine-core/jasmine.js:3576:18)
    at Object.<anonymous> (/Users/muchniki/dev/cfgov-refresh/test/browser_tests/spec_suites/content/about-deputy-director.js:5:1)
    at Module._compile (module.js:570:32)
    at Object.Module._extensions..js (module.js:579:10)
    at Module.load (module.js:487:32)
    at tryModuleLoad (module.js:446:12)]]>
   </failure>
  </testcase>
  <testcase classname="focused specs" name="should include the Deputy Director’s low resolution image" time="0.484">
   <failure type="toBe" message="Expected false to be true."><![CDATA[Error: Failed expectation
    at Object.<anonymous> (/Users/muchniki/dev/cfgov-refresh/test/browser_tests/spec_suites/content/about-deputy-director.js:55:49)
    at /Users/muchniki/.nvm/versions/node/v6.9.5/lib/node_modules/protractor/node_modules/jasminewd2/index.js:110:25
    at new ManagedPromise (/Users/muchniki/.nvm/versions/node/v6.9.5/lib/node_modules/protractor/node_modules/selenium-webdriver/lib/promise.js:1067:7)
    at ControlFlow.promise (/Users/muchniki/.nvm/versions/node/v6.9.5/lib/node_modules/protractor/node_modules/selenium-webdriver/lib/promise.js:2396:12)
    at schedulerExecute (/Users/muchniki/.nvm/versions/node/v6.9.5/lib/node_modules/protractor/node_modules/jasminewd2/index.js:95:18)
    at TaskQueue.execute_ (/Users/muchniki/.nvm/versions/node/v6.9.5/lib/node_modules/protractor/node_modules/selenium-webdriver/lib/promise.js:2970:14)
    at TaskQueue.executeNext_ (/Users/muchniki/.nvm/versions/node/v6.9.5/lib/node_modules/protractor/node_modules/selenium-webdriver/lib/promise.js:2953:27)
    at asyncRun (/Users/muchniki/.nvm/versions/node/v6.9.5/lib/node_modules/protractor/node_modules/selenium-webdriver/lib/promise.js:2860:25)
    at /Users/muchniki/.nvm/versions/node/v6.9.5/lib/node_modules/protractor/node_modules/selenium-webdriver/lib/promise.js:676:7]]>
   </failure>
   <failure type="exception" message="Failed: Index out of bound. Trying to access element at index: 1, but there are only 0 elements that match locator By(css selector, [data-qa-hook=&quot;director-media-downloads&quot;] .jump-link__download)"><![CDATA[NoSuchElementError: Index out of bound. Trying to access element at index: 1, but there are only 0 elements that match locator By(css selector, [data-qa-hook="director-media-downloads"] .jump-link__download)
    at WebDriverError (/Users/muchniki/.nvm/versions/node/v6.9.5/lib/node_modules/protractor/node_modules/selenium-webdriver/lib/error.js:27:5)
    at NoSuchElementError (/Users/muchniki/.nvm/versions/node/v6.9.5/lib/node_modules/protractor/node_modules/selenium-webdriver/lib/error.js:168:5)
    at selenium_webdriver_1.promise.all.then (/Users/muchniki/.nvm/versions/node/v6.9.5/lib/node_modules/protractor/lib/element.ts:287:17)
    at ManagedPromise.invokeCallback_ (/Users/muchniki/.nvm/versions/node/v6.9.5/lib/node_modules/protractor/node_modules/selenium-webdriver/lib/promise.js:1366:14)
    at TaskQueue.execute_ (/Users/muchniki/.nvm/versions/node/v6.9.5/lib/node_modules/protractor/node_modules/selenium-webdriver/lib/promise.js:2970:14)
    at TaskQueue.executeNext_ (/Users/muchniki/.nvm/versions/node/v6.9.5/lib/node_modules/protractor/node_modules/selenium-webdriver/lib/promise.js:2953:27)
    at asyncRun (/Users/muchniki/.nvm/versions/node/v6.9.5/lib/node_modules/protractor/node_modules/selenium-webdriver/lib/promise.js:2813:27)
    at /Users/muchniki/.nvm/versions/node/v6.9.5/lib/node_modules/protractor/node_modules/selenium-webdriver/lib/promise.js:676:7
    at process._tickCallback (internal/process/next_tick.js:103:7)Error
    at ElementArrayFinder.applyAction_ (/Users/muchniki/.nvm/versions/node/v6.9.5/lib/node_modules/protractor/lib/element.ts:482:23)
    at ElementArrayFinder.(anonymous function) [as getText] (/Users/muchniki/.nvm/versions/node/v6.9.5/lib/node_modules/protractor/lib/element.ts:96:21)
    at ElementFinder.(anonymous function) [as getText] (/Users/muchniki/.nvm/versions/node/v6.9.5/lib/node_modules/protractor/lib/element.ts:873:14)
    at Object.<anonymous> (/Users/muchniki/dev/cfgov-refresh/test/browser_tests/spec_suites/content/about-deputy-director.js:56:35)
    at /Users/muchniki/.nvm/versions/node/v6.9.5/lib/node_modules/protractor/node_modules/jasminewd2/index.js:110:25
    at new ManagedPromise (/Users/muchniki/.nvm/versions/node/v6.9.5/lib/node_modules/protractor/node_modules/selenium-webdriver/lib/promise.js:1067:7)
    at ControlFlow.promise (/Users/muchniki/.nvm/versions/node/v6.9.5/lib/node_modules/protractor/node_modules/selenium-webdriver/lib/promise.js:2396:12)
    at schedulerExecute (/Users/muchniki/.nvm/versions/node/v6.9.5/lib/node_modules/protractor/node_modules/jasminewd2/index.js:95:18)
    at TaskQueue.execute_ (/Users/muchniki/.nvm/versions/node/v6.9.5/lib/node_modules/protractor/node_modules/selenium-webdriver/lib/promise.js:2970:14)
    at TaskQueue.executeNext_ (/Users/muchniki/.nvm/versions/node/v6.9.5/lib/node_modules/protractor/node_modules/selenium-webdriver/lib/promise.js:2953:27)
From: Task: Run it("should include the Deputy Director’s low resolution image") in control flow
    at Object.<anonymous> (/Users/muchniki/.nvm/versions/node/v6.9.5/lib/node_modules/protractor/node_modules/jasminewd2/index.js:94:19)
    at attemptAsync (/Users/muchniki/.nvm/versions/node/v6.9.5/lib/node_modules/protractor/node_modules/jasmine-core/lib/jasmine-core/jasmine.js:1980:24)
    at QueueRunner.run (/Users/muchniki/.nvm/versions/node/v6.9.5/lib/node_modules/protractor/node_modules/jasmine-core/lib/jasmine-core/jasmine.js:1935:9)
    at QueueRunner.execute (/Users/muchniki/.nvm/versions/node/v6.9.5/lib/node_modules/protractor/node_modules/jasmine-core/lib/jasmine-core/jasmine.js:1923:10)
    at Spec.queueRunnerFactory (/Users/muchniki/.nvm/versions/node/v6.9.5/lib/node_modules/protractor/node_modules/jasmine-core/lib/jasmine-core/jasmine.js:714:35)
    at Spec.execute (/Users/muchniki/.nvm/versions/node/v6.9.5/lib/node_modules/protractor/node_modules/jasmine-core/lib/jasmine-core/jasmine.js:371:10)
    at Object.fn (/Users/muchniki/.nvm/versions/node/v6.9.5/lib/node_modules/protractor/node_modules/jasmine-core/lib/jasmine-core/jasmine.js:2579:37)
    at attemptAsync (/Users/muchniki/.nvm/versions/node/v6.9.5/lib/node_modules/protractor/node_modules/jasmine-core/lib/jasmine-core/jasmine.js:1980:24)
    at QueueRunner.run (/Users/muchniki/.nvm/versions/node/v6.9.5/lib/node_modules/protractor/node_modules/jasmine-core/lib/jasmine-core/jasmine.js:1935:9)
    at /Users/muchniki/.nvm/versions/node/v6.9.5/lib/node_modules/protractor/node_modules/jasmine-core/lib/jasmine-core/jasmine.js:1962:16
From asynchronous test: 
Error
    at Suite.<anonymous> (/Users/muchniki/dev/cfgov-refresh/test/browser_tests/spec_suites/content/about-deputy-director.js:52:3)
    at addSpecsToSuite (/Users/muchniki/.nvm/versions/node/v6.9.5/lib/node_modules/protractor/node_modules/jasmine-core/lib/jasmine-core/jasmine.js:867:25)
    at Env.describe (/Users/muchniki/.nvm/versions/node/v6.9.5/lib/node_modules/protractor/node_modules/jasmine-core/lib/jasmine-core/jasmine.js:836:7)
    at describe (/Users/muchniki/.nvm/versions/node/v6.9.5/lib/node_modules/protractor/node_modules/jasmine-core/lib/jasmine-core/jasmine.js:3576:18)
    at Object.<anonymous> (/Users/muchniki/dev/cfgov-refresh/test/browser_tests/spec_suites/content/about-deputy-director.js:5:1)
    at Module._compile (module.js:570:32)
    at Object.Module._extensions..js (module.js:579:10)
    at Module.load (module.js:487:32)
    at tryModuleLoad (module.js:446:12)]]>
   </failure>
  </testcase>
 </testsuite>
 <testsuite name="focused specs.The About Deputy Director Page" timestamp="2017-03-01T17:31:52" hostname="localhost" time="0" errors="0" tests="0" skipped="0" disabled="0" failures="0">
 </testsuite>
 <testsuite name="focused specs.The About Director Page" timestamp="2017-03-01T17:31:52" hostname="localhost" time="2.021" errors="0" tests="7" skipped="0" disabled="0" failures="9">
  <testcase classname="focused specs.The About Director Page" name="should properly load in a browser" time="0.011">
   <failure type="toContain" message="Expected &apos;&apos; to contain &apos;About Richard Cordray&apos;."><![CDATA[Error: Failed expectation
    at Object.<anonymous> (/Users/muchniki/dev/cfgov-refresh/test/browser_tests/spec_suites/content/about-director.js:16:34)
    at /Users/muchniki/.nvm/versions/node/v6.9.5/lib/node_modules/protractor/node_modules/jasminewd2/index.js:110:25
    at new ManagedPromise (/Users/muchniki/.nvm/versions/node/v6.9.5/lib/node_modules/protractor/node_modules/selenium-webdriver/lib/promise.js:1067:7)
    at ControlFlow.promise (/Users/muchniki/.nvm/versions/node/v6.9.5/lib/node_modules/protractor/node_modules/selenium-webdriver/lib/promise.js:2396:12)
    at schedulerExecute (/Users/muchniki/.nvm/versions/node/v6.9.5/lib/node_modules/protractor/node_modules/jasminewd2/index.js:95:18)
    at TaskQueue.execute_ (/Users/muchniki/.nvm/versions/node/v6.9.5/lib/node_modules/protractor/node_modules/selenium-webdriver/lib/promise.js:2970:14)
    at TaskQueue.executeNext_ (/Users/muchniki/.nvm/versions/node/v6.9.5/lib/node_modules/protractor/node_modules/selenium-webdriver/lib/promise.js:2953:27)
    at asyncRun (/Users/muchniki/.nvm/versions/node/v6.9.5/lib/node_modules/protractor/node_modules/selenium-webdriver/lib/promise.js:2860:25)
    at /Users/muchniki/.nvm/versions/node/v6.9.5/lib/node_modules/protractor/node_modules/selenium-webdriver/lib/promise.js:676:7]]>
   </failure>
  </testcase>
  <testcase classname="focused specs.The About Director Page" name="should have a side nav" time="0.246">
   <failure type="toBe" message="Expected false to be true."><![CDATA[Error: Failed expectation
    at Object.<anonymous> (/Users/muchniki/dev/cfgov-refresh/test/browser_tests/spec_suites/content/about-director.js:22:42)
    at /Users/muchniki/.nvm/versions/node/v6.9.5/lib/node_modules/protractor/node_modules/jasminewd2/index.js:110:25
    at new ManagedPromise (/Users/muchniki/.nvm/versions/node/v6.9.5/lib/node_modules/protractor/node_modules/selenium-webdriver/lib/promise.js:1067:7)
    at ControlFlow.promise (/Users/muchniki/.nvm/versions/node/v6.9.5/lib/node_modules/protractor/node_modules/selenium-webdriver/lib/promise.js:2396:12)
    at schedulerExecute (/Users/muchniki/.nvm/versions/node/v6.9.5/lib/node_modules/protractor/node_modules/jasminewd2/index.js:95:18)
    at TaskQueue.execute_ (/Users/muchniki/.nvm/versions/node/v6.9.5/lib/node_modules/protractor/node_modules/selenium-webdriver/lib/promise.js:2970:14)
    at TaskQueue.executeNext_ (/Users/muchniki/.nvm/versions/node/v6.9.5/lib/node_modules/protractor/node_modules/selenium-webdriver/lib/promise.js:2953:27)
    at asyncRun (/Users/muchniki/.nvm/versions/node/v6.9.5/lib/node_modules/protractor/node_modules/selenium-webdriver/lib/promise.js:2860:25)
    at /Users/muchniki/.nvm/versions/node/v6.9.5/lib/node_modules/protractor/node_modules/selenium-webdriver/lib/promise.js:676:7]]>
   </failure>
  </testcase>
  <testcase classname="focused specs.The About Director Page" name="should include the Director’s bio" time="0.249">
   <failure type="toBe" message="Expected false to be true."><![CDATA[Error: Failed expectation
    at Object.<anonymous> (/Users/muchniki/dev/cfgov-refresh/test/browser_tests/spec_suites/content/about-director.js:28:46)
    at /Users/muchniki/.nvm/versions/node/v6.9.5/lib/node_modules/protractor/node_modules/jasminewd2/index.js:110:25
    at new ManagedPromise (/Users/muchniki/.nvm/versions/node/v6.9.5/lib/node_modules/protractor/node_modules/selenium-webdriver/lib/promise.js:1067:7)
    at ControlFlow.promise (/Users/muchniki/.nvm/versions/node/v6.9.5/lib/node_modules/protractor/node_modules/selenium-webdriver/lib/promise.js:2396:12)
    at schedulerExecute (/Users/muchniki/.nvm/versions/node/v6.9.5/lib/node_modules/protractor/node_modules/jasminewd2/index.js:95:18)
    at TaskQueue.execute_ (/Users/muchniki/.nvm/versions/node/v6.9.5/lib/node_modules/protractor/node_modules/selenium-webdriver/lib/promise.js:2970:14)
    at TaskQueue.executeNext_ (/Users/muchniki/.nvm/versions/node/v6.9.5/lib/node_modules/protractor/node_modules/selenium-webdriver/lib/promise.js:2953:27)
    at asyncRun (/Users/muchniki/.nvm/versions/node/v6.9.5/lib/node_modules/protractor/node_modules/selenium-webdriver/lib/promise.js:2860:25)
    at /Users/muchniki/.nvm/versions/node/v6.9.5/lib/node_modules/protractor/node_modules/selenium-webdriver/lib/promise.js:676:7]]>
   </failure>
  </testcase>
  <testcase classname="focused specs.The About Director Page" name="should include Director’s image" time="0.245">
   <failure type="toBe" message="Expected false to be true."><![CDATA[Error: Failed expectation
    at Object.<anonymous> (/Users/muchniki/dev/cfgov-refresh/test/browser_tests/spec_suites/content/about-director.js:34:48)
    at /Users/muchniki/.nvm/versions/node/v6.9.5/lib/node_modules/protractor/node_modules/jasminewd2/index.js:110:25
    at new ManagedPromise (/Users/muchniki/.nvm/versions/node/v6.9.5/lib/node_modules/protractor/node_modules/selenium-webdriver/lib/promise.js:1067:7)
    at ControlFlow.promise (/Users/muchniki/.nvm/versions/node/v6.9.5/lib/node_modules/protractor/node_modules/selenium-webdriver/lib/promise.js:2396:12)
    at schedulerExecute (/Users/muchniki/.nvm/versions/node/v6.9.5/lib/node_modules/protractor/node_modules/jasminewd2/index.js:95:18)
    at TaskQueue.execute_ (/Users/muchniki/.nvm/versions/node/v6.9.5/lib/node_modules/protractor/node_modules/selenium-webdriver/lib/promise.js:2970:14)
    at TaskQueue.executeNext_ (/Users/muchniki/.nvm/versions/node/v6.9.5/lib/node_modules/protractor/node_modules/selenium-webdriver/lib/promise.js:2953:27)
    at asyncRun (/Users/muchniki/.nvm/versions/node/v6.9.5/lib/node_modules/protractor/node_modules/selenium-webdriver/lib/promise.js:2860:25)
    at /Users/muchniki/.nvm/versions/node/v6.9.5/lib/node_modules/protractor/node_modules/selenium-webdriver/lib/promise.js:676:7]]>
   </failure>
  </testcase>
  <testcase classname="focused specs.The About Director Page" name="should include the bio download link" time="0.25">
   <failure type="toBe" message="Expected false to be true."><![CDATA[Error: Failed expectation
    at Object.<anonymous> (/Users/muchniki/dev/cfgov-refresh/test/browser_tests/spec_suites/content/about-director.js:40:46)
    at /Users/muchniki/.nvm/versions/node/v6.9.5/lib/node_modules/protractor/node_modules/jasminewd2/index.js:110:25
    at new ManagedPromise (/Users/muchniki/.nvm/versions/node/v6.9.5/lib/node_modules/protractor/node_modules/selenium-webdriver/lib/promise.js:1067:7)
    at ControlFlow.promise (/Users/muchniki/.nvm/versions/node/v6.9.5/lib/node_modules/protractor/node_modules/selenium-webdriver/lib/promise.js:2396:12)
    at schedulerExecute (/Users/muchniki/.nvm/versions/node/v6.9.5/lib/node_modules/protractor/node_modules/jasminewd2/index.js:95:18)
    at TaskQueue.execute_ (/Users/muchniki/.nvm/versions/node/v6.9.5/lib/node_modules/protractor/node_modules/selenium-webdriver/lib/promise.js:2970:14)
    at TaskQueue.executeNext_ (/Users/muchniki/.nvm/versions/node/v6.9.5/lib/node_modules/protractor/node_modules/selenium-webdriver/lib/promise.js:2953:27)
    at asyncRun (/Users/muchniki/.nvm/versions/node/v6.9.5/lib/node_modules/protractor/node_modules/selenium-webdriver/lib/promise.js:2860:25)
    at /Users/muchniki/.nvm/versions/node/v6.9.5/lib/node_modules/protractor/node_modules/selenium-webdriver/lib/promise.js:676:7]]>
   </failure>
  </testcase>
  <testcase classname="focused specs.The About Director Page" name="should include the Director’s high resolution image" time="0.508">
   <failure type="toBe" message="Expected false to be true."><![CDATA[Error: Failed expectation
    at Object.<anonymous> (/Users/muchniki/dev/cfgov-refresh/test/browser_tests/spec_suites/content/about-director.js:46:55)
    at /Users/muchniki/.nvm/versions/node/v6.9.5/lib/node_modules/protractor/node_modules/jasminewd2/index.js:110:25
    at new ManagedPromise (/Users/muchniki/.nvm/versions/node/v6.9.5/lib/node_modules/protractor/node_modules/selenium-webdriver/lib/promise.js:1067:7)
    at ControlFlow.promise (/Users/muchniki/.nvm/versions/node/v6.9.5/lib/node_modules/protractor/node_modules/selenium-webdriver/lib/promise.js:2396:12)
    at schedulerExecute (/Users/muchniki/.nvm/versions/node/v6.9.5/lib/node_modules/protractor/node_modules/jasminewd2/index.js:95:18)
    at TaskQueue.execute_ (/Users/muchniki/.nvm/versions/node/v6.9.5/lib/node_modules/protractor/node_modules/selenium-webdriver/lib/promise.js:2970:14)
    at TaskQueue.executeNext_ (/Users/muchniki/.nvm/versions/node/v6.9.5/lib/node_modules/protractor/node_modules/selenium-webdriver/lib/promise.js:2953:27)
    at asyncRun (/Users/muchniki/.nvm/versions/node/v6.9.5/lib/node_modules/protractor/node_modules/selenium-webdriver/lib/promise.js:2860:25)
    at /Users/muchniki/.nvm/versions/node/v6.9.5/lib/node_modules/protractor/node_modules/selenium-webdriver/lib/promise.js:676:7]]>
   </failure>
   <failure type="exception" message="Failed: Index out of bound. Trying to access element at index: 1, but there are only 0 elements that match locator By(css selector, [data-qa-hook=&quot;director-media-downloads&quot;] .jump-link__download)"><![CDATA[NoSuchElementError: Index out of bound. Trying to access element at index: 1, but there are only 0 elements that match locator By(css selector, [data-qa-hook="director-media-downloads"] .jump-link__download)
    at WebDriverError (/Users/muchniki/.nvm/versions/node/v6.9.5/lib/node_modules/protractor/node_modules/selenium-webdriver/lib/error.js:27:5)
    at NoSuchElementError (/Users/muchniki/.nvm/versions/node/v6.9.5/lib/node_modules/protractor/node_modules/selenium-webdriver/lib/error.js:168:5)
    at selenium_webdriver_1.promise.all.then (/Users/muchniki/.nvm/versions/node/v6.9.5/lib/node_modules/protractor/lib/element.ts:287:17)
    at ManagedPromise.invokeCallback_ (/Users/muchniki/.nvm/versions/node/v6.9.5/lib/node_modules/protractor/node_modules/selenium-webdriver/lib/promise.js:1366:14)
    at TaskQueue.execute_ (/Users/muchniki/.nvm/versions/node/v6.9.5/lib/node_modules/protractor/node_modules/selenium-webdriver/lib/promise.js:2970:14)
    at TaskQueue.executeNext_ (/Users/muchniki/.nvm/versions/node/v6.9.5/lib/node_modules/protractor/node_modules/selenium-webdriver/lib/promise.js:2953:27)
    at asyncRun (/Users/muchniki/.nvm/versions/node/v6.9.5/lib/node_modules/protractor/node_modules/selenium-webdriver/lib/promise.js:2813:27)
    at /Users/muchniki/.nvm/versions/node/v6.9.5/lib/node_modules/protractor/node_modules/selenium-webdriver/lib/promise.js:676:7
    at process._tickCallback (internal/process/next_tick.js:103:7)Error
    at ElementArrayFinder.applyAction_ (/Users/muchniki/.nvm/versions/node/v6.9.5/lib/node_modules/protractor/lib/element.ts:482:23)
    at ElementArrayFinder.(anonymous function) [as getText] (/Users/muchniki/.nvm/versions/node/v6.9.5/lib/node_modules/protractor/lib/element.ts:96:21)
    at ElementFinder.(anonymous function) [as getText] (/Users/muchniki/.nvm/versions/node/v6.9.5/lib/node_modules/protractor/lib/element.ts:873:14)
    at Object.<anonymous> (/Users/muchniki/dev/cfgov-refresh/test/browser_tests/spec_suites/content/about-director.js:47:41)
    at /Users/muchniki/.nvm/versions/node/v6.9.5/lib/node_modules/protractor/node_modules/jasminewd2/index.js:110:25
    at new ManagedPromise (/Users/muchniki/.nvm/versions/node/v6.9.5/lib/node_modules/protractor/node_modules/selenium-webdriver/lib/promise.js:1067:7)
    at ControlFlow.promise (/Users/muchniki/.nvm/versions/node/v6.9.5/lib/node_modules/protractor/node_modules/selenium-webdriver/lib/promise.js:2396:12)
    at schedulerExecute (/Users/muchniki/.nvm/versions/node/v6.9.5/lib/node_modules/protractor/node_modules/jasminewd2/index.js:95:18)
    at TaskQueue.execute_ (/Users/muchniki/.nvm/versions/node/v6.9.5/lib/node_modules/protractor/node_modules/selenium-webdriver/lib/promise.js:2970:14)
    at TaskQueue.executeNext_ (/Users/muchniki/.nvm/versions/node/v6.9.5/lib/node_modules/protractor/node_modules/selenium-webdriver/lib/promise.js:2953:27)
From: Task: Run it("should include the Director’s high resolution image") in control flow
    at Object.<anonymous> (/Users/muchniki/.nvm/versions/node/v6.9.5/lib/node_modules/protractor/node_modules/jasminewd2/index.js:94:19)
    at attemptAsync (/Users/muchniki/.nvm/versions/node/v6.9.5/lib/node_modules/protractor/node_modules/jasmine-core/lib/jasmine-core/jasmine.js:1980:24)
    at QueueRunner.run (/Users/muchniki/.nvm/versions/node/v6.9.5/lib/node_modules/protractor/node_modules/jasmine-core/lib/jasmine-core/jasmine.js:1935:9)
    at QueueRunner.execute (/Users/muchniki/.nvm/versions/node/v6.9.5/lib/node_modules/protractor/node_modules/jasmine-core/lib/jasmine-core/jasmine.js:1923:10)
    at Spec.queueRunnerFactory (/Users/muchniki/.nvm/versions/node/v6.9.5/lib/node_modules/protractor/node_modules/jasmine-core/lib/jasmine-core/jasmine.js:714:35)
    at Spec.execute (/Users/muchniki/.nvm/versions/node/v6.9.5/lib/node_modules/protractor/node_modules/jasmine-core/lib/jasmine-core/jasmine.js:371:10)
    at Object.fn (/Users/muchniki/.nvm/versions/node/v6.9.5/lib/node_modules/protractor/node_modules/jasmine-core/lib/jasmine-core/jasmine.js:2579:37)
    at attemptAsync (/Users/muchniki/.nvm/versions/node/v6.9.5/lib/node_modules/protractor/node_modules/jasmine-core/lib/jasmine-core/jasmine.js:1980:24)
    at QueueRunner.run (/Users/muchniki/.nvm/versions/node/v6.9.5/lib/node_modules/protractor/node_modules/jasmine-core/lib/jasmine-core/jasmine.js:1935:9)
    at /Users/muchniki/.nvm/versions/node/v6.9.5/lib/node_modules/protractor/node_modules/jasmine-core/lib/jasmine-core/jasmine.js:1962:16
From asynchronous test: 
Error
    at Suite.<anonymous> (/Users/muchniki/dev/cfgov-refresh/test/browser_tests/spec_suites/content/about-director.js:44:3)
    at addSpecsToSuite (/Users/muchniki/.nvm/versions/node/v6.9.5/lib/node_modules/protractor/node_modules/jasmine-core/lib/jasmine-core/jasmine.js:867:25)
    at Env.describe (/Users/muchniki/.nvm/versions/node/v6.9.5/lib/node_modules/protractor/node_modules/jasmine-core/lib/jasmine-core/jasmine.js:836:7)
    at describe (/Users/muchniki/.nvm/versions/node/v6.9.5/lib/node_modules/protractor/node_modules/jasmine-core/lib/jasmine-core/jasmine.js:3576:18)
    at Object.<anonymous> (/Users/muchniki/dev/cfgov-refresh/test/browser_tests/spec_suites/content/about-director.js:5:1)
    at Module._compile (module.js:570:32)
    at Object.Module._extensions..js (module.js:579:10)
    at Module.load (module.js:487:32)
    at tryModuleLoad (module.js:446:12)]]>
   </failure>
  </testcase>
  <testcase classname="focused specs.The About Director Page" name="should include the Director’s low resolution image" time="0.491">
   <failure type="toBe" message="Expected false to be true."><![CDATA[Error: Failed expectation
    at Object.<anonymous> (/Users/muchniki/dev/cfgov-refresh/test/browser_tests/spec_suites/content/about-director.js:54:54)
    at /Users/muchniki/.nvm/versions/node/v6.9.5/lib/node_modules/protractor/node_modules/jasminewd2/index.js:110:25
    at new ManagedPromise (/Users/muchniki/.nvm/versions/node/v6.9.5/lib/node_modules/protractor/node_modules/selenium-webdriver/lib/promise.js:1067:7)
    at ControlFlow.promise (/Users/muchniki/.nvm/versions/node/v6.9.5/lib/node_modules/protractor/node_modules/selenium-webdriver/lib/promise.js:2396:12)
    at schedulerExecute (/Users/muchniki/.nvm/versions/node/v6.9.5/lib/node_modules/protractor/node_modules/jasminewd2/index.js:95:18)
    at TaskQueue.execute_ (/Users/muchniki/.nvm/versions/node/v6.9.5/lib/node_modules/protractor/node_modules/selenium-webdriver/lib/promise.js:2970:14)
    at TaskQueue.executeNext_ (/Users/muchniki/.nvm/versions/node/v6.9.5/lib/node_modules/protractor/node_modules/selenium-webdriver/lib/promise.js:2953:27)
    at asyncRun (/Users/muchniki/.nvm/versions/node/v6.9.5/lib/node_modules/protractor/node_modules/selenium-webdriver/lib/promise.js:2860:25)
    at /Users/muchniki/.nvm/versions/node/v6.9.5/lib/node_modules/protractor/node_modules/selenium-webdriver/lib/promise.js:676:7]]>
   </failure>
   <failure type="exception" message="Failed: Index out of bound. Trying to access element at index: 2, but there are only 0 elements that match locator By(css selector, [data-qa-hook=&quot;director-media-downloads&quot;] .jump-link__download)"><![CDATA[NoSuchElementError: Index out of bound. Trying to access element at index: 2, but there are only 0 elements that match locator By(css selector, [data-qa-hook="director-media-downloads"] .jump-link__download)
    at WebDriverError (/Users/muchniki/.nvm/versions/node/v6.9.5/lib/node_modules/protractor/node_modules/selenium-webdriver/lib/error.js:27:5)
    at NoSuchElementError (/Users/muchniki/.nvm/versions/node/v6.9.5/lib/node_modules/protractor/node_modules/selenium-webdriver/lib/error.js:168:5)
    at selenium_webdriver_1.promise.all.then (/Users/muchniki/.nvm/versions/node/v6.9.5/lib/node_modules/protractor/lib/element.ts:287:17)
    at ManagedPromise.invokeCallback_ (/Users/muchniki/.nvm/versions/node/v6.9.5/lib/node_modules/protractor/node_modules/selenium-webdriver/lib/promise.js:1366:14)
    at TaskQueue.execute_ (/Users/muchniki/.nvm/versions/node/v6.9.5/lib/node_modules/protractor/node_modules/selenium-webdriver/lib/promise.js:2970:14)
    at TaskQueue.executeNext_ (/Users/muchniki/.nvm/versions/node/v6.9.5/lib/node_modules/protractor/node_modules/selenium-webdriver/lib/promise.js:2953:27)
    at asyncRun (/Users/muchniki/.nvm/versions/node/v6.9.5/lib/node_modules/protractor/node_modules/selenium-webdriver/lib/promise.js:2813:27)
    at /Users/muchniki/.nvm/versions/node/v6.9.5/lib/node_modules/protractor/node_modules/selenium-webdriver/lib/promise.js:676:7
    at process._tickCallback (internal/process/next_tick.js:103:7)Error
    at ElementArrayFinder.applyAction_ (/Users/muchniki/.nvm/versions/node/v6.9.5/lib/node_modules/protractor/lib/element.ts:482:23)
    at ElementArrayFinder.(anonymous function) [as getText] (/Users/muchniki/.nvm/versions/node/v6.9.5/lib/node_modules/protractor/lib/element.ts:96:21)
    at ElementFinder.(anonymous function) [as getText] (/Users/muchniki/.nvm/versions/node/v6.9.5/lib/node_modules/protractor/lib/element.ts:873:14)
    at Object.<anonymous> (/Users/muchniki/dev/cfgov-refresh/test/browser_tests/spec_suites/content/about-director.js:55:40)
    at /Users/muchniki/.nvm/versions/node/v6.9.5/lib/node_modules/protractor/node_modules/jasminewd2/index.js:110:25
    at new ManagedPromise (/Users/muchniki/.nvm/versions/node/v6.9.5/lib/node_modules/protractor/node_modules/selenium-webdriver/lib/promise.js:1067:7)
    at ControlFlow.promise (/Users/muchniki/.nvm/versions/node/v6.9.5/lib/node_modules/protractor/node_modules/selenium-webdriver/lib/promise.js:2396:12)
    at schedulerExecute (/Users/muchniki/.nvm/versions/node/v6.9.5/lib/node_modules/protractor/node_modules/jasminewd2/index.js:95:18)
    at TaskQueue.execute_ (/Users/muchniki/.nvm/versions/node/v6.9.5/lib/node_modules/protractor/node_modules/selenium-webdriver/lib/promise.js:2970:14)
    at TaskQueue.executeNext_ (/Users/muchniki/.nvm/versions/node/v6.9.5/lib/node_modules/protractor/node_modules/selenium-webdriver/lib/promise.js:2953:27)
From: Task: Run it("should include the Director’s low resolution image") in control flow
    at Object.<anonymous> (/Users/muchniki/.nvm/versions/node/v6.9.5/lib/node_modules/protractor/node_modules/jasminewd2/index.js:94:19)
    at attemptAsync (/Users/muchniki/.nvm/versions/node/v6.9.5/lib/node_modules/protractor/node_modules/jasmine-core/lib/jasmine-core/jasmine.js:1980:24)
    at QueueRunner.run (/Users/muchniki/.nvm/versions/node/v6.9.5/lib/node_modules/protractor/node_modules/jasmine-core/lib/jasmine-core/jasmine.js:1935:9)
    at QueueRunner.execute (/Users/muchniki/.nvm/versions/node/v6.9.5/lib/node_modules/protractor/node_modules/jasmine-core/lib/jasmine-core/jasmine.js:1923:10)
    at Spec.queueRunnerFactory (/Users/muchniki/.nvm/versions/node/v6.9.5/lib/node_modules/protractor/node_modules/jasmine-core/lib/jasmine-core/jasmine.js:714:35)
    at Spec.execute (/Users/muchniki/.nvm/versions/node/v6.9.5/lib/node_modules/protractor/node_modules/jasmine-core/lib/jasmine-core/jasmine.js:371:10)
    at Object.fn (/Users/muchniki/.nvm/versions/node/v6.9.5/lib/node_modules/protractor/node_modules/jasmine-core/lib/jasmine-core/jasmine.js:2579:37)
    at attemptAsync (/Users/muchniki/.nvm/versions/node/v6.9.5/lib/node_modules/protractor/node_modules/jasmine-core/lib/jasmine-core/jasmine.js:1980:24)
    at QueueRunner.run (/Users/muchniki/.nvm/versions/node/v6.9.5/lib/node_modules/protractor/node_modules/jasmine-core/lib/jasmine-core/jasmine.js:1935:9)
    at /Users/muchniki/.nvm/versions/node/v6.9.5/lib/node_modules/protractor/node_modules/jasmine-core/lib/jasmine-core/jasmine.js:1962:16
From asynchronous test: 
Error
    at Suite.<anonymous> (/Users/muchniki/dev/cfgov-refresh/test/browser_tests/spec_suites/content/about-director.js:52:3)
    at addSpecsToSuite (/Users/muchniki/.nvm/versions/node/v6.9.5/lib/node_modules/protractor/node_modules/jasmine-core/lib/jasmine-core/jasmine.js:867:25)
    at Env.describe (/Users/muchniki/.nvm/versions/node/v6.9.5/lib/node_modules/protractor/node_modules/jasmine-core/lib/jasmine-core/jasmine.js:836:7)
    at describe (/Users/muchniki/.nvm/versions/node/v6.9.5/lib/node_modules/protractor/node_modules/jasmine-core/lib/jasmine-core/jasmine.js:3576:18)
    at Object.<anonymous> (/Users/muchniki/dev/cfgov-refresh/test/browser_tests/spec_suites/content/about-director.js:5:1)
    at Module._compile (module.js:570:32)
    at Object.Module._extensions..js (module.js:579:10)
    at Module.load (module.js:487:32)
    at tryModuleLoad (module.js:446:12)]]>
   </failure>
  </testcase>
 </testsuite>
 <testsuite name="focused specs.About Landing Page" timestamp="2017-03-01T17:31:54" hostname="localhost" time="0.295" errors="0" tests="4" skipped="0" disabled="0" failures="2">
  <testcase classname="focused specs.About Landing Page" name="should properly load in a browser" time="0.009">
   <failure type="toContain" message="Expected &apos;&apos; to contain &apos;About us&apos;."><![CDATA[Error: Failed expectation
    at Object.<anonymous> (/Users/muchniki/dev/cfgov-refresh/test/browser_tests/spec_suites/content/about-us.js:16:32)
    at /Users/muchniki/.nvm/versions/node/v6.9.5/lib/node_modules/protractor/node_modules/jasminewd2/index.js:110:25
    at new ManagedPromise (/Users/muchniki/.nvm/versions/node/v6.9.5/lib/node_modules/protractor/node_modules/selenium-webdriver/lib/promise.js:1067:7)
    at ControlFlow.promise (/Users/muchniki/.nvm/versions/node/v6.9.5/lib/node_modules/protractor/node_modules/selenium-webdriver/lib/promise.js:2396:12)
    at schedulerExecute (/Users/muchniki/.nvm/versions/node/v6.9.5/lib/node_modules/protractor/node_modules/jasminewd2/index.js:95:18)
    at TaskQueue.execute_ (/Users/muchniki/.nvm/versions/node/v6.9.5/lib/node_modules/protractor/node_modules/selenium-webdriver/lib/promise.js:2970:14)
    at TaskQueue.executeNext_ (/Users/muchniki/.nvm/versions/node/v6.9.5/lib/node_modules/protractor/node_modules/selenium-webdriver/lib/promise.js:2953:27)
    at asyncRun (/Users/muchniki/.nvm/versions/node/v6.9.5/lib/node_modules/protractor/node_modules/selenium-webdriver/lib/promise.js:2860:25)
    at /Users/muchniki/.nvm/versions/node/v6.9.5/lib/node_modules/protractor/node_modules/selenium-webdriver/lib/promise.js:676:7]]>
   </failure>
  </testcase>
  <testcase classname="focused specs.About Landing Page" name="should load the activity block in the sidebar" time="0.002" />
  <testcase classname="focused specs.About Landing Page" name="should have Blog &amp; Newspaper section in the Activity feed" time="0.258">
   <failure type="exception" message="Failed: Index out of bound. Trying to access element at index: 0, but there are only 0 elements that match locator By(css selector, .activity .cf-icon)"><![CDATA[NoSuchElementError: Index out of bound. Trying to access element at index: 0, but there are only 0 elements that match locator By(css selector, .activity .cf-icon)
    at WebDriverError (/Users/muchniki/.nvm/versions/node/v6.9.5/lib/node_modules/protractor/node_modules/selenium-webdriver/lib/error.js:27:5)
    at NoSuchElementError (/Users/muchniki/.nvm/versions/node/v6.9.5/lib/node_modules/protractor/node_modules/selenium-webdriver/lib/error.js:168:5)
    at selenium_webdriver_1.promise.all.then (/Users/muchniki/.nvm/versions/node/v6.9.5/lib/node_modules/protractor/lib/element.ts:287:17)
    at ManagedPromise.invokeCallback_ (/Users/muchniki/.nvm/versions/node/v6.9.5/lib/node_modules/protractor/node_modules/selenium-webdriver/lib/promise.js:1366:14)
    at TaskQueue.execute_ (/Users/muchniki/.nvm/versions/node/v6.9.5/lib/node_modules/protractor/node_modules/selenium-webdriver/lib/promise.js:2970:14)
    at TaskQueue.executeNext_ (/Users/muchniki/.nvm/versions/node/v6.9.5/lib/node_modules/protractor/node_modules/selenium-webdriver/lib/promise.js:2953:27)
    at asyncRun (/Users/muchniki/.nvm/versions/node/v6.9.5/lib/node_modules/protractor/node_modules/selenium-webdriver/lib/promise.js:2813:27)
    at /Users/muchniki/.nvm/versions/node/v6.9.5/lib/node_modules/protractor/node_modules/selenium-webdriver/lib/promise.js:676:7
    at process._tickCallback (internal/process/next_tick.js:103:7)Error
    at ElementArrayFinder.applyAction_ (/Users/muchniki/.nvm/versions/node/v6.9.5/lib/node_modules/protractor/lib/element.ts:482:23)
    at ElementArrayFinder.(anonymous function) [as getAttribute] (/Users/muchniki/.nvm/versions/node/v6.9.5/lib/node_modules/protractor/lib/element.ts:96:21)
    at ElementFinder.(anonymous function) [as getAttribute] (/Users/muchniki/.nvm/versions/node/v6.9.5/lib/node_modules/protractor/lib/element.ts:873:14)
    at Object.<anonymous> (/Users/muchniki/dev/cfgov-refresh/test/browser_tests/spec_suites/content/about-us.js:24:28)
    at /Users/muchniki/.nvm/versions/node/v6.9.5/lib/node_modules/protractor/node_modules/jasminewd2/index.js:110:25
    at new ManagedPromise (/Users/muchniki/.nvm/versions/node/v6.9.5/lib/node_modules/protractor/node_modules/selenium-webdriver/lib/promise.js:1067:7)
    at ControlFlow.promise (/Users/muchniki/.nvm/versions/node/v6.9.5/lib/node_modules/protractor/node_modules/selenium-webdriver/lib/promise.js:2396:12)
    at schedulerExecute (/Users/muchniki/.nvm/versions/node/v6.9.5/lib/node_modules/protractor/node_modules/jasminewd2/index.js:95:18)
    at TaskQueue.execute_ (/Users/muchniki/.nvm/versions/node/v6.9.5/lib/node_modules/protractor/node_modules/selenium-webdriver/lib/promise.js:2970:14)
    at TaskQueue.executeNext_ (/Users/muchniki/.nvm/versions/node/v6.9.5/lib/node_modules/protractor/node_modules/selenium-webdriver/lib/promise.js:2953:27)
From: Task: Run it("should have Blog & Newspaper section in the Activity feed") in control flow
    at Object.<anonymous> (/Users/muchniki/.nvm/versions/node/v6.9.5/lib/node_modules/protractor/node_modules/jasminewd2/index.js:94:19)
    at attemptAsync (/Users/muchniki/.nvm/versions/node/v6.9.5/lib/node_modules/protractor/node_modules/jasmine-core/lib/jasmine-core/jasmine.js:1980:24)
    at QueueRunner.run (/Users/muchniki/.nvm/versions/node/v6.9.5/lib/node_modules/protractor/node_modules/jasmine-core/lib/jasmine-core/jasmine.js:1935:9)
    at QueueRunner.execute (/Users/muchniki/.nvm/versions/node/v6.9.5/lib/node_modules/protractor/node_modules/jasmine-core/lib/jasmine-core/jasmine.js:1923:10)
    at Spec.queueRunnerFactory (/Users/muchniki/.nvm/versions/node/v6.9.5/lib/node_modules/protractor/node_modules/jasmine-core/lib/jasmine-core/jasmine.js:714:35)
    at Spec.execute (/Users/muchniki/.nvm/versions/node/v6.9.5/lib/node_modules/protractor/node_modules/jasmine-core/lib/jasmine-core/jasmine.js:371:10)
    at Object.fn (/Users/muchniki/.nvm/versions/node/v6.9.5/lib/node_modules/protractor/node_modules/jasmine-core/lib/jasmine-core/jasmine.js:2579:37)
    at attemptAsync (/Users/muchniki/.nvm/versions/node/v6.9.5/lib/node_modules/protractor/node_modules/jasmine-core/lib/jasmine-core/jasmine.js:1980:24)
    at QueueRunner.run (/Users/muchniki/.nvm/versions/node/v6.9.5/lib/node_modules/protractor/node_modules/jasmine-core/lib/jasmine-core/jasmine.js:1935:9)
    at /Users/muchniki/.nvm/versions/node/v6.9.5/lib/node_modules/protractor/node_modules/jasmine-core/lib/jasmine-core/jasmine.js:1962:16
From asynchronous test: 
Error
    at Suite.<anonymous> (/Users/muchniki/dev/cfgov-refresh/test/browser_tests/spec_suites/content/about-us.js:23:3)
    at addSpecsToSuite (/Users/muchniki/.nvm/versions/node/v6.9.5/lib/node_modules/protractor/node_modules/jasmine-core/lib/jasmine-core/jasmine.js:867:25)
    at Env.describe (/Users/muchniki/.nvm/versions/node/v6.9.5/lib/node_modules/protractor/node_modules/jasmine-core/lib/jasmine-core/jasmine.js:836:7)
    at describe (/Users/muchniki/.nvm/versions/node/v6.9.5/lib/node_modules/protractor/node_modules/jasmine-core/lib/jasmine-core/jasmine.js:3576:18)
    at Object.<anonymous> (/Users/muchniki/dev/cfgov-refresh/test/browser_tests/spec_suites/content/about-us.js:7:1)
    at Module._compile (module.js:570:32)
    at Object.Module._extensions..js (module.js:579:10)
    at Module.load (module.js:487:32)
    at tryModuleLoad (module.js:446:12)]]>
   </failure>
  </testcase>
  <testcase classname="focused specs.About Landing Page" name="should display some activity items in the activity block" time="0.003" />
 </testsuite>
 <testsuite name="focused specs.The Activity Log Page" timestamp="2017-03-01T17:31:54" hostname="localhost" time="2.263" errors="0" tests="11" skipped="1" disabled="0" failures="10">
  <testcase classname="focused specs.The Activity Log Page" name="should properly load in a browser" time="0.01">
   <failure type="toContain" message="Expected &apos;&apos; to contain &apos;Activity Log&apos;."><![CDATA[Error: Failed expectation
    at Object.<anonymous> (/Users/muchniki/dev/cfgov-refresh/test/browser_tests/spec_suites/content/activity-log.js:18:32)
    at /Users/muchniki/.nvm/versions/node/v6.9.5/lib/node_modules/protractor/node_modules/jasminewd2/index.js:110:25
    at new ManagedPromise (/Users/muchniki/.nvm/versions/node/v6.9.5/lib/node_modules/protractor/node_modules/selenium-webdriver/lib/promise.js:1067:7)
    at ControlFlow.promise (/Users/muchniki/.nvm/versions/node/v6.9.5/lib/node_modules/protractor/node_modules/selenium-webdriver/lib/promise.js:2396:12)
    at schedulerExecute (/Users/muchniki/.nvm/versions/node/v6.9.5/lib/node_modules/protractor/node_modules/jasminewd2/index.js:95:18)
    at TaskQueue.execute_ (/Users/muchniki/.nvm/versions/node/v6.9.5/lib/node_modules/protractor/node_modules/selenium-webdriver/lib/promise.js:2970:14)
    at TaskQueue.executeNext_ (/Users/muchniki/.nvm/versions/node/v6.9.5/lib/node_modules/protractor/node_modules/selenium-webdriver/lib/promise.js:2953:27)
    at asyncRun (/Users/muchniki/.nvm/versions/node/v6.9.5/lib/node_modules/protractor/node_modules/selenium-webdriver/lib/promise.js:2860:25)
    at /Users/muchniki/.nvm/versions/node/v6.9.5/lib/node_modules/protractor/node_modules/selenium-webdriver/lib/promise.js:676:7]]>
   </failure>
  </testcase>
  <testcase classname="focused specs.The Activity Log Page" name="should include a main summary" time="0.243">
   <failure type="toBe" message="Expected false to be true."><![CDATA[Error: Failed expectation
    at Object.<anonymous> (/Users/muchniki/dev/cfgov-refresh/test/browser_tests/spec_suites/content/activity-log.js:22:44)
    at /Users/muchniki/.nvm/versions/node/v6.9.5/lib/node_modules/protractor/node_modules/jasminewd2/index.js:110:25
    at new ManagedPromise (/Users/muchniki/.nvm/versions/node/v6.9.5/lib/node_modules/protractor/node_modules/selenium-webdriver/lib/promise.js:1067:7)
    at ControlFlow.promise (/Users/muchniki/.nvm/versions/node/v6.9.5/lib/node_modules/protractor/node_modules/selenium-webdriver/lib/promise.js:2396:12)
    at schedulerExecute (/Users/muchniki/.nvm/versions/node/v6.9.5/lib/node_modules/protractor/node_modules/jasminewd2/index.js:95:18)
    at TaskQueue.execute_ (/Users/muchniki/.nvm/versions/node/v6.9.5/lib/node_modules/protractor/node_modules/selenium-webdriver/lib/promise.js:2970:14)
    at TaskQueue.executeNext_ (/Users/muchniki/.nvm/versions/node/v6.9.5/lib/node_modules/protractor/node_modules/selenium-webdriver/lib/promise.js:2953:27)
    at asyncRun (/Users/muchniki/.nvm/versions/node/v6.9.5/lib/node_modules/protractor/node_modules/selenium-webdriver/lib/promise.js:2860:25)
    at /Users/muchniki/.nvm/versions/node/v6.9.5/lib/node_modules/protractor/node_modules/selenium-webdriver/lib/promise.js:676:7]]>
   </failure>
  </testcase>
  <testcase classname="focused specs.The Activity Log Page" name="should include a search filter" time="0.249">
   <failure type="toBe" message="Expected false to be true."><![CDATA[Error: Failed expectation
    at Object.<anonymous> (/Users/muchniki/dev/cfgov-refresh/test/browser_tests/spec_suites/content/activity-log.js:27:47)
    at /Users/muchniki/.nvm/versions/node/v6.9.5/lib/node_modules/protractor/node_modules/jasminewd2/index.js:110:25
    at new ManagedPromise (/Users/muchniki/.nvm/versions/node/v6.9.5/lib/node_modules/protractor/node_modules/selenium-webdriver/lib/promise.js:1067:7)
    at ControlFlow.promise (/Users/muchniki/.nvm/versions/node/v6.9.5/lib/node_modules/protractor/node_modules/selenium-webdriver/lib/promise.js:2396:12)
    at schedulerExecute (/Users/muchniki/.nvm/versions/node/v6.9.5/lib/node_modules/protractor/node_modules/jasminewd2/index.js:95:18)
    at TaskQueue.execute_ (/Users/muchniki/.nvm/versions/node/v6.9.5/lib/node_modules/protractor/node_modules/selenium-webdriver/lib/promise.js:2970:14)
    at TaskQueue.executeNext_ (/Users/muchniki/.nvm/versions/node/v6.9.5/lib/node_modules/protractor/node_modules/selenium-webdriver/lib/promise.js:2953:27)
    at asyncRun (/Users/muchniki/.nvm/versions/node/v6.9.5/lib/node_modules/protractor/node_modules/selenium-webdriver/lib/promise.js:2860:25)
    at /Users/muchniki/.nvm/versions/node/v6.9.5/lib/node_modules/protractor/node_modules/selenium-webdriver/lib/promise.js:676:7]]>
   </failure>
  </testcase>
  <testcase classname="focused specs.The Activity Log Page" name="should include a search filter button" time="0.25">
   <failure type="exception" message="Failed: No element found using locator: By(css selector, .o-filterable-list-controls .o-expandable)"><![CDATA[NoSuchElementError: No element found using locator: By(css selector, .o-filterable-list-controls .o-expandable)
    at WebDriverError (/Users/muchniki/.nvm/versions/node/v6.9.5/lib/node_modules/protractor/node_modules/selenium-webdriver/lib/error.js:27:5)
    at NoSuchElementError (/Users/muchniki/.nvm/versions/node/v6.9.5/lib/node_modules/protractor/node_modules/selenium-webdriver/lib/error.js:168:5)
    at elementArrayFinder.getWebElements.then (/Users/muchniki/.nvm/versions/node/v6.9.5/lib/node_modules/protractor/lib/element.ts:851:17)
    at ManagedPromise.invokeCallback_ (/Users/muchniki/.nvm/versions/node/v6.9.5/lib/node_modules/protractor/node_modules/selenium-webdriver/lib/promise.js:1366:14)
    at TaskQueue.execute_ (/Users/muchniki/.nvm/versions/node/v6.9.5/lib/node_modules/protractor/node_modules/selenium-webdriver/lib/promise.js:2970:14)
    at TaskQueue.executeNext_ (/Users/muchniki/.nvm/versions/node/v6.9.5/lib/node_modules/protractor/node_modules/selenium-webdriver/lib/promise.js:2953:27)
    at asyncRun (/Users/muchniki/.nvm/versions/node/v6.9.5/lib/node_modules/protractor/node_modules/selenium-webdriver/lib/promise.js:2813:27)
    at /Users/muchniki/.nvm/versions/node/v6.9.5/lib/node_modules/protractor/node_modules/selenium-webdriver/lib/promise.js:676:7
    at process._tickCallback (internal/process/next_tick.js:103:7)Error
    at ElementArrayFinder.applyAction_ (/Users/muchniki/.nvm/versions/node/v6.9.5/lib/node_modules/protractor/lib/element.ts:482:23)
    at ElementArrayFinder.(anonymous function) [as getText] (/Users/muchniki/.nvm/versions/node/v6.9.5/lib/node_modules/protractor/lib/element.ts:96:21)
    at ElementFinder.(anonymous function) [as getText] (/Users/muchniki/.nvm/versions/node/v6.9.5/lib/node_modules/protractor/lib/element.ts:873:14)
    at Object.<anonymous> (/Users/muchniki/dev/cfgov-refresh/test/browser_tests/spec_suites/content/activity-log.js:33:36)
    at /Users/muchniki/.nvm/versions/node/v6.9.5/lib/node_modules/protractor/node_modules/jasminewd2/index.js:110:25
    at new ManagedPromise (/Users/muchniki/.nvm/versions/node/v6.9.5/lib/node_modules/protractor/node_modules/selenium-webdriver/lib/promise.js:1067:7)
    at ControlFlow.promise (/Users/muchniki/.nvm/versions/node/v6.9.5/lib/node_modules/protractor/node_modules/selenium-webdriver/lib/promise.js:2396:12)
    at schedulerExecute (/Users/muchniki/.nvm/versions/node/v6.9.5/lib/node_modules/protractor/node_modules/jasminewd2/index.js:95:18)
    at TaskQueue.execute_ (/Users/muchniki/.nvm/versions/node/v6.9.5/lib/node_modules/protractor/node_modules/selenium-webdriver/lib/promise.js:2970:14)
    at TaskQueue.executeNext_ (/Users/muchniki/.nvm/versions/node/v6.9.5/lib/node_modules/protractor/node_modules/selenium-webdriver/lib/promise.js:2953:27)
From: Task: Run it("should include a search filter button") in control flow
    at Object.<anonymous> (/Users/muchniki/.nvm/versions/node/v6.9.5/lib/node_modules/protractor/node_modules/jasminewd2/index.js:94:19)
    at attemptAsync (/Users/muchniki/.nvm/versions/node/v6.9.5/lib/node_modules/protractor/node_modules/jasmine-core/lib/jasmine-core/jasmine.js:1980:24)
    at QueueRunner.run (/Users/muchniki/.nvm/versions/node/v6.9.5/lib/node_modules/protractor/node_modules/jasmine-core/lib/jasmine-core/jasmine.js:1935:9)
    at QueueRunner.execute (/Users/muchniki/.nvm/versions/node/v6.9.5/lib/node_modules/protractor/node_modules/jasmine-core/lib/jasmine-core/jasmine.js:1923:10)
    at Spec.queueRunnerFactory (/Users/muchniki/.nvm/versions/node/v6.9.5/lib/node_modules/protractor/node_modules/jasmine-core/lib/jasmine-core/jasmine.js:714:35)
    at Spec.execute (/Users/muchniki/.nvm/versions/node/v6.9.5/lib/node_modules/protractor/node_modules/jasmine-core/lib/jasmine-core/jasmine.js:371:10)
    at Object.fn (/Users/muchniki/.nvm/versions/node/v6.9.5/lib/node_modules/protractor/node_modules/jasmine-core/lib/jasmine-core/jasmine.js:2579:37)
    at attemptAsync (/Users/muchniki/.nvm/versions/node/v6.9.5/lib/node_modules/protractor/node_modules/jasmine-core/lib/jasmine-core/jasmine.js:1980:24)
    at QueueRunner.run (/Users/muchniki/.nvm/versions/node/v6.9.5/lib/node_modules/protractor/node_modules/jasmine-core/lib/jasmine-core/jasmine.js:1935:9)
    at /Users/muchniki/.nvm/versions/node/v6.9.5/lib/node_modules/protractor/node_modules/jasmine-core/lib/jasmine-core/jasmine.js:1962:16
From asynchronous test: 
Error
    at Suite.<anonymous> (/Users/muchniki/dev/cfgov-refresh/test/browser_tests/spec_suites/content/activity-log.js:31:3)
    at addSpecsToSuite (/Users/muchniki/.nvm/versions/node/v6.9.5/lib/node_modules/protractor/node_modules/jasmine-core/lib/jasmine-core/jasmine.js:867:25)
    at Env.describe (/Users/muchniki/.nvm/versions/node/v6.9.5/lib/node_modules/protractor/node_modules/jasmine-core/lib/jasmine-core/jasmine.js:836:7)
    at describe (/Users/muchniki/.nvm/versions/node/v6.9.5/lib/node_modules/protractor/node_modules/jasmine-core/lib/jasmine-core/jasmine.js:3576:18)
    at Object.<anonymous> (/Users/muchniki/dev/cfgov-refresh/test/browser_tests/spec_suites/content/activity-log.js:9:1)
    at Module._compile (module.js:570:32)
    at Object.Module._extensions..js (module.js:579:10)
    at Module.load (module.js:487:32)
    at tryModuleLoad (module.js:446:12)]]>
   </failure>
  </testcase>
  <testcase classname="focused specs.The Activity Log Page" name="should include a visible Show button" time="0.246">
   <failure type="exception" message="Failed: No element found using locator: By(css selector, .o-filterable-list-controls .o-expandable)"><![CDATA[NoSuchElementError: No element found using locator: By(css selector, .o-filterable-list-controls .o-expandable)
    at WebDriverError (/Users/muchniki/.nvm/versions/node/v6.9.5/lib/node_modules/protractor/node_modules/selenium-webdriver/lib/error.js:27:5)
    at NoSuchElementError (/Users/muchniki/.nvm/versions/node/v6.9.5/lib/node_modules/protractor/node_modules/selenium-webdriver/lib/error.js:168:5)
    at elementArrayFinder.getWebElements.then (/Users/muchniki/.nvm/versions/node/v6.9.5/lib/node_modules/protractor/lib/element.ts:851:17)
    at ManagedPromise.invokeCallback_ (/Users/muchniki/.nvm/versions/node/v6.9.5/lib/node_modules/protractor/node_modules/selenium-webdriver/lib/promise.js:1366:14)
    at TaskQueue.execute_ (/Users/muchniki/.nvm/versions/node/v6.9.5/lib/node_modules/protractor/node_modules/selenium-webdriver/lib/promise.js:2970:14)
    at TaskQueue.executeNext_ (/Users/muchniki/.nvm/versions/node/v6.9.5/lib/node_modules/protractor/node_modules/selenium-webdriver/lib/promise.js:2953:27)
    at asyncRun (/Users/muchniki/.nvm/versions/node/v6.9.5/lib/node_modules/protractor/node_modules/selenium-webdriver/lib/promise.js:2813:27)
    at /Users/muchniki/.nvm/versions/node/v6.9.5/lib/node_modules/protractor/node_modules/selenium-webdriver/lib/promise.js:676:7
    at process._tickCallback (internal/process/next_tick.js:103:7)Error
    at ElementArrayFinder.applyAction_ (/Users/muchniki/.nvm/versions/node/v6.9.5/lib/node_modules/protractor/lib/element.ts:482:23)
    at ElementArrayFinder.(anonymous function) [as isDisplayed] (/Users/muchniki/.nvm/versions/node/v6.9.5/lib/node_modules/protractor/lib/element.ts:96:21)
    at ElementFinder.(anonymous function) [as isDisplayed] (/Users/muchniki/.nvm/versions/node/v6.9.5/lib/node_modules/protractor/lib/element.ts:873:14)
    at Object.<anonymous> (/Users/muchniki/dev/cfgov-refresh/test/browser_tests/spec_suites/content/activity-log.js:39:40)
    at /Users/muchniki/.nvm/versions/node/v6.9.5/lib/node_modules/protractor/node_modules/jasminewd2/index.js:110:25
    at new ManagedPromise (/Users/muchniki/.nvm/versions/node/v6.9.5/lib/node_modules/protractor/node_modules/selenium-webdriver/lib/promise.js:1067:7)
    at ControlFlow.promise (/Users/muchniki/.nvm/versions/node/v6.9.5/lib/node_modules/protractor/node_modules/selenium-webdriver/lib/promise.js:2396:12)
    at schedulerExecute (/Users/muchniki/.nvm/versions/node/v6.9.5/lib/node_modules/protractor/node_modules/jasminewd2/index.js:95:18)
    at TaskQueue.execute_ (/Users/muchniki/.nvm/versions/node/v6.9.5/lib/node_modules/protractor/node_modules/selenium-webdriver/lib/promise.js:2970:14)
    at TaskQueue.executeNext_ (/Users/muchniki/.nvm/versions/node/v6.9.5/lib/node_modules/protractor/node_modules/selenium-webdriver/lib/promise.js:2953:27)
From: Task: Run it("should include a visible Show button") in control flow
    at Object.<anonymous> (/Users/muchniki/.nvm/versions/node/v6.9.5/lib/node_modules/protractor/node_modules/jasminewd2/index.js:94:19)
    at attemptAsync (/Users/muchniki/.nvm/versions/node/v6.9.5/lib/node_modules/protractor/node_modules/jasmine-core/lib/jasmine-core/jasmine.js:1980:24)
    at QueueRunner.run (/Users/muchniki/.nvm/versions/node/v6.9.5/lib/node_modules/protractor/node_modules/jasmine-core/lib/jasmine-core/jasmine.js:1935:9)
    at QueueRunner.execute (/Users/muchniki/.nvm/versions/node/v6.9.5/lib/node_modules/protractor/node_modules/jasmine-core/lib/jasmine-core/jasmine.js:1923:10)
    at Spec.queueRunnerFactory (/Users/muchniki/.nvm/versions/node/v6.9.5/lib/node_modules/protractor/node_modules/jasmine-core/lib/jasmine-core/jasmine.js:714:35)
    at Spec.execute (/Users/muchniki/.nvm/versions/node/v6.9.5/lib/node_modules/protractor/node_modules/jasmine-core/lib/jasmine-core/jasmine.js:371:10)
    at Object.fn (/Users/muchniki/.nvm/versions/node/v6.9.5/lib/node_modules/protractor/node_modules/jasmine-core/lib/jasmine-core/jasmine.js:2579:37)
    at attemptAsync (/Users/muchniki/.nvm/versions/node/v6.9.5/lib/node_modules/protractor/node_modules/jasmine-core/lib/jasmine-core/jasmine.js:1980:24)
    at QueueRunner.run (/Users/muchniki/.nvm/versions/node/v6.9.5/lib/node_modules/protractor/node_modules/jasmine-core/lib/jasmine-core/jasmine.js:1935:9)
    at /Users/muchniki/.nvm/versions/node/v6.9.5/lib/node_modules/protractor/node_modules/jasmine-core/lib/jasmine-core/jasmine.js:1962:16
From asynchronous test: 
Error
    at Suite.<anonymous> (/Users/muchniki/dev/cfgov-refresh/test/browser_tests/spec_suites/content/activity-log.js:37:3)
    at addSpecsToSuite (/Users/muchniki/.nvm/versions/node/v6.9.5/lib/node_modules/protractor/node_modules/jasmine-core/lib/jasmine-core/jasmine.js:867:25)
    at Env.describe (/Users/muchniki/.nvm/versions/node/v6.9.5/lib/node_modules/protractor/node_modules/jasmine-core/lib/jasmine-core/jasmine.js:836:7)
    at describe (/Users/muchniki/.nvm/versions/node/v6.9.5/lib/node_modules/protractor/node_modules/jasmine-core/lib/jasmine-core/jasmine.js:3576:18)
    at Object.<anonymous> (/Users/muchniki/dev/cfgov-refresh/test/browser_tests/spec_suites/content/activity-log.js:9:1)
    at Module._compile (module.js:570:32)
    at Object.Module._extensions..js (module.js:579:10)
    at Module.load (module.js:487:32)
    at tryModuleLoad (module.js:446:12)]]>
   </failure>
  </testcase>
  <testcase classname="focused specs.The Activity Log Page" name="should include a hidden Hide button" time="0.242">
   <failure type="exception" message="Failed: No element found using locator: By(css selector, .o-filterable-list-controls .o-expandable)"><![CDATA[NoSuchElementError: No element found using locator: By(css selector, .o-filterable-list-controls .o-expandable)
    at WebDriverError (/Users/muchniki/.nvm/versions/node/v6.9.5/lib/node_modules/protractor/node_modules/selenium-webdriver/lib/error.js:27:5)
    at NoSuchElementError (/Users/muchniki/.nvm/versions/node/v6.9.5/lib/node_modules/protractor/node_modules/selenium-webdriver/lib/error.js:168:5)
    at elementArrayFinder.getWebElements.then (/Users/muchniki/.nvm/versions/node/v6.9.5/lib/node_modules/protractor/lib/element.ts:851:17)
    at ManagedPromise.invokeCallback_ (/Users/muchniki/.nvm/versions/node/v6.9.5/lib/node_modules/protractor/node_modules/selenium-webdriver/lib/promise.js:1366:14)
    at TaskQueue.execute_ (/Users/muchniki/.nvm/versions/node/v6.9.5/lib/node_modules/protractor/node_modules/selenium-webdriver/lib/promise.js:2970:14)
    at TaskQueue.executeNext_ (/Users/muchniki/.nvm/versions/node/v6.9.5/lib/node_modules/protractor/node_modules/selenium-webdriver/lib/promise.js:2953:27)
    at asyncRun (/Users/muchniki/.nvm/versions/node/v6.9.5/lib/node_modules/protractor/node_modules/selenium-webdriver/lib/promise.js:2813:27)
    at /Users/muchniki/.nvm/versions/node/v6.9.5/lib/node_modules/protractor/node_modules/selenium-webdriver/lib/promise.js:676:7
    at process._tickCallback (internal/process/next_tick.js:103:7)Error
    at ElementArrayFinder.applyAction_ (/Users/muchniki/.nvm/versions/node/v6.9.5/lib/node_modules/protractor/lib/element.ts:482:23)
    at ElementArrayFinder.(anonymous function) [as isDisplayed] (/Users/muchniki/.nvm/versions/node/v6.9.5/lib/node_modules/protractor/lib/element.ts:96:21)
    at ElementFinder.(anonymous function) [as isDisplayed] (/Users/muchniki/.nvm/versions/node/v6.9.5/lib/node_modules/protractor/lib/element.ts:873:14)
    at Object.<anonymous> (/Users/muchniki/dev/cfgov-refresh/test/browser_tests/spec_suites/content/activity-log.js:53:40)
    at /Users/muchniki/.nvm/versions/node/v6.9.5/lib/node_modules/protractor/node_modules/jasminewd2/index.js:110:25
    at new ManagedPromise (/Users/muchniki/.nvm/versions/node/v6.9.5/lib/node_modules/protractor/node_modules/selenium-webdriver/lib/promise.js:1067:7)
    at ControlFlow.promise (/Users/muchniki/.nvm/versions/node/v6.9.5/lib/node_modules/protractor/node_modules/selenium-webdriver/lib/promise.js:2396:12)
    at schedulerExecute (/Users/muchniki/.nvm/versions/node/v6.9.5/lib/node_modules/protractor/node_modules/jasminewd2/index.js:95:18)
    at TaskQueue.execute_ (/Users/muchniki/.nvm/versions/node/v6.9.5/lib/node_modules/protractor/node_modules/selenium-webdriver/lib/promise.js:2970:14)
    at TaskQueue.executeNext_ (/Users/muchniki/.nvm/versions/node/v6.9.5/lib/node_modules/protractor/node_modules/selenium-webdriver/lib/promise.js:2953:27)
From: Task: Run it("should include a hidden Hide button") in control flow
    at Object.<anonymous> (/Users/muchniki/.nvm/versions/node/v6.9.5/lib/node_modules/protractor/node_modules/jasminewd2/index.js:94:19)
    at attemptAsync (/Users/muchniki/.nvm/versions/node/v6.9.5/lib/node_modules/protractor/node_modules/jasmine-core/lib/jasmine-core/jasmine.js:1980:24)
    at QueueRunner.run (/Users/muchniki/.nvm/versions/node/v6.9.5/lib/node_modules/protractor/node_modules/jasmine-core/lib/jasmine-core/jasmine.js:1935:9)
    at QueueRunner.execute (/Users/muchniki/.nvm/versions/node/v6.9.5/lib/node_modules/protractor/node_modules/jasmine-core/lib/jasmine-core/jasmine.js:1923:10)
    at Spec.queueRunnerFactory (/Users/muchniki/.nvm/versions/node/v6.9.5/lib/node_modules/protractor/node_modules/jasmine-core/lib/jasmine-core/jasmine.js:714:35)
    at Spec.execute (/Users/muchniki/.nvm/versions/node/v6.9.5/lib/node_modules/protractor/node_modules/jasmine-core/lib/jasmine-core/jasmine.js:371:10)
    at Object.fn (/Users/muchniki/.nvm/versions/node/v6.9.5/lib/node_modules/protractor/node_modules/jasmine-core/lib/jasmine-core/jasmine.js:2579:37)
    at attemptAsync (/Users/muchniki/.nvm/versions/node/v6.9.5/lib/node_modules/protractor/node_modules/jasmine-core/lib/jasmine-core/jasmine.js:1980:24)
    at QueueRunner.run (/Users/muchniki/.nvm/versions/node/v6.9.5/lib/node_modules/protractor/node_modules/jasmine-core/lib/jasmine-core/jasmine.js:1935:9)
    at /Users/muchniki/.nvm/versions/node/v6.9.5/lib/node_modules/protractor/node_modules/jasmine-core/lib/jasmine-core/jasmine.js:1962:16
From asynchronous test: 
Error
    at Suite.<anonymous> (/Users/muchniki/dev/cfgov-refresh/test/browser_tests/spec_suites/content/activity-log.js:51:3)
    at addSpecsToSuite (/Users/muchniki/.nvm/versions/node/v6.9.5/lib/node_modules/protractor/node_modules/jasmine-core/lib/jasmine-core/jasmine.js:867:25)
    at Env.describe (/Users/muchniki/.nvm/versions/node/v6.9.5/lib/node_modules/protractor/node_modules/jasmine-core/lib/jasmine-core/jasmine.js:836:7)
    at describe (/Users/muchniki/.nvm/versions/node/v6.9.5/lib/node_modules/protractor/node_modules/jasmine-core/lib/jasmine-core/jasmine.js:3576:18)
    at Object.<anonymous> (/Users/muchniki/dev/cfgov-refresh/test/browser_tests/spec_suites/content/activity-log.js:9:1)
    at Module._compile (module.js:570:32)
    at Object.Module._extensions..js (module.js:579:10)
    at Module.load (module.js:487:32)
    at tryModuleLoad (module.js:446:12)]]>
   </failure>
  </testcase>
  <testcase classname="focused specs.The Activity Log Page" name="should include search filter results" time="0">
   <skipped message="Temporarily disabled with xit" />
  </testcase>
  <testcase classname="focused specs.The Activity Log Page" name="should include pagination form" time="0.248">
   <failure type="toBe" message="Expected false to be true."><![CDATA[Error: Failed expectation
    at Object.<anonymous> (/Users/muchniki/dev/cfgov-refresh/test/browser_tests/spec_suites/content/activity-log.js:65:49)
    at /Users/muchniki/.nvm/versions/node/v6.9.5/lib/node_modules/protractor/node_modules/jasminewd2/index.js:110:25
    at new ManagedPromise (/Users/muchniki/.nvm/versions/node/v6.9.5/lib/node_modules/protractor/node_modules/selenium-webdriver/lib/promise.js:1067:7)
    at ControlFlow.promise (/Users/muchniki/.nvm/versions/node/v6.9.5/lib/node_modules/protractor/node_modules/selenium-webdriver/lib/promise.js:2396:12)
    at schedulerExecute (/Users/muchniki/.nvm/versions/node/v6.9.5/lib/node_modules/protractor/node_modules/jasminewd2/index.js:95:18)
    at TaskQueue.execute_ (/Users/muchniki/.nvm/versions/node/v6.9.5/lib/node_modules/protractor/node_modules/selenium-webdriver/lib/promise.js:2970:14)
    at TaskQueue.executeNext_ (/Users/muchniki/.nvm/versions/node/v6.9.5/lib/node_modules/protractor/node_modules/selenium-webdriver/lib/promise.js:2953:27)
    at asyncRun (/Users/muchniki/.nvm/versions/node/v6.9.5/lib/node_modules/protractor/node_modules/selenium-webdriver/lib/promise.js:2860:25)
    at /Users/muchniki/.nvm/versions/node/v6.9.5/lib/node_modules/protractor/node_modules/selenium-webdriver/lib/promise.js:676:7]]>
   </failure>
  </testcase>
  <testcase classname="focused specs.The Activity Log Page" name="should include a previous buttton within the pagination element" time="0.244">
   <failure type="exception" message="Failed: No element found using locator: By(css selector, .m-pagination)"><![CDATA[NoSuchElementError: No element found using locator: By(css selector, .m-pagination)
    at WebDriverError (/Users/muchniki/.nvm/versions/node/v6.9.5/lib/node_modules/protractor/node_modules/selenium-webdriver/lib/error.js:27:5)
    at NoSuchElementError (/Users/muchniki/.nvm/versions/node/v6.9.5/lib/node_modules/protractor/node_modules/selenium-webdriver/lib/error.js:168:5)
    at elementArrayFinder.getWebElements.then (/Users/muchniki/.nvm/versions/node/v6.9.5/lib/node_modules/protractor/lib/element.ts:851:17)
    at ManagedPromise.invokeCallback_ (/Users/muchniki/.nvm/versions/node/v6.9.5/lib/node_modules/protractor/node_modules/selenium-webdriver/lib/promise.js:1366:14)
    at TaskQueue.execute_ (/Users/muchniki/.nvm/versions/node/v6.9.5/lib/node_modules/protractor/node_modules/selenium-webdriver/lib/promise.js:2970:14)
    at TaskQueue.executeNext_ (/Users/muchniki/.nvm/versions/node/v6.9.5/lib/node_modules/protractor/node_modules/selenium-webdriver/lib/promise.js:2953:27)
    at asyncRun (/Users/muchniki/.nvm/versions/node/v6.9.5/lib/node_modules/protractor/node_modules/selenium-webdriver/lib/promise.js:2813:27)
    at /Users/muchniki/.nvm/versions/node/v6.9.5/lib/node_modules/protractor/node_modules/selenium-webdriver/lib/promise.js:676:7
    at process._tickCallback (internal/process/next_tick.js:103:7)Error
    at ElementArrayFinder.applyAction_ (/Users/muchniki/.nvm/versions/node/v6.9.5/lib/node_modules/protractor/lib/element.ts:482:23)
    at ElementArrayFinder.(anonymous function) [as getText] (/Users/muchniki/.nvm/versions/node/v6.9.5/lib/node_modules/protractor/lib/element.ts:96:21)
    at ElementFinder.(anonymous function) [as getText] (/Users/muchniki/.nvm/versions/node/v6.9.5/lib/node_modules/protractor/lib/element.ts:873:14)
    at Object.<anonymous> (/Users/muchniki/dev/cfgov-refresh/test/browser_tests/spec_suites/content/activity-log.js:71:38)
    at /Users/muchniki/.nvm/versions/node/v6.9.5/lib/node_modules/protractor/node_modules/jasminewd2/index.js:110:25
    at new ManagedPromise (/Users/muchniki/.nvm/versions/node/v6.9.5/lib/node_modules/protractor/node_modules/selenium-webdriver/lib/promise.js:1067:7)
    at ControlFlow.promise (/Users/muchniki/.nvm/versions/node/v6.9.5/lib/node_modules/protractor/node_modules/selenium-webdriver/lib/promise.js:2396:12)
    at schedulerExecute (/Users/muchniki/.nvm/versions/node/v6.9.5/lib/node_modules/protractor/node_modules/jasminewd2/index.js:95:18)
    at TaskQueue.execute_ (/Users/muchniki/.nvm/versions/node/v6.9.5/lib/node_modules/protractor/node_modules/selenium-webdriver/lib/promise.js:2970:14)
    at TaskQueue.executeNext_ (/Users/muchniki/.nvm/versions/node/v6.9.5/lib/node_modules/protractor/node_modules/selenium-webdriver/lib/promise.js:2953:27)
From: Task: Run it("should include a previous buttton within the pagination element") in control flow
    at Object.<anonymous> (/Users/muchniki/.nvm/versions/node/v6.9.5/lib/node_modules/protractor/node_modules/jasminewd2/index.js:94:19)
    at attemptAsync (/Users/muchniki/.nvm/versions/node/v6.9.5/lib/node_modules/protractor/node_modules/jasmine-core/lib/jasmine-core/jasmine.js:1980:24)
    at QueueRunner.run (/Users/muchniki/.nvm/versions/node/v6.9.5/lib/node_modules/protractor/node_modules/jasmine-core/lib/jasmine-core/jasmine.js:1935:9)
    at QueueRunner.execute (/Users/muchniki/.nvm/versions/node/v6.9.5/lib/node_modules/protractor/node_modules/jasmine-core/lib/jasmine-core/jasmine.js:1923:10)
    at Spec.queueRunnerFactory (/Users/muchniki/.nvm/versions/node/v6.9.5/lib/node_modules/protractor/node_modules/jasmine-core/lib/jasmine-core/jasmine.js:714:35)
    at Spec.execute (/Users/muchniki/.nvm/versions/node/v6.9.5/lib/node_modules/protractor/node_modules/jasmine-core/lib/jasmine-core/jasmine.js:371:10)
    at Object.fn (/Users/muchniki/.nvm/versions/node/v6.9.5/lib/node_modules/protractor/node_modules/jasmine-core/lib/jasmine-core/jasmine.js:2579:37)
    at attemptAsync (/Users/muchniki/.nvm/versions/node/v6.9.5/lib/node_modules/protractor/node_modules/jasmine-core/lib/jasmine-core/jasmine.js:1980:24)
[...]
    at schedulerExecute (/Users/muchniki/.nvm/versions/node/v6.9.5/lib/node_modules/protractor/node_modules/jasminewd2/index.js:95:18)
    at TaskQueue.execute_ (/Users/muchniki/.nvm/versions/node/v6.9.5/lib/node_modules/protractor/node_modules/selenium-webdriver/lib/promise.js:2970:14)
    at TaskQueue.executeNext_ (/Users/muchniki/.nvm/versions/node/v6.9.5/lib/node_modules/protractor/node_modules/selenium-webdriver/lib/promise.js:2953:27)
From: Task: Run it("should remove option from choices when clicked") in control flow
    at Object.<anonymous> (/Users/muchniki/.nvm/versions/node/v6.9.5/lib/node_modules/protractor/node_modules/jasminewd2/index.js:94:19)
    at attemptAsync (/Users/muchniki/.nvm/versions/node/v6.9.5/lib/node_modules/protractor/node_modules/jasmine-core/lib/jasmine-core/jasmine.js:1980:24)
    at QueueRunner.run (/Users/muchniki/.nvm/versions/node/v6.9.5/lib/node_modules/protractor/node_modules/jasmine-core/lib/jasmine-core/jasmine.js:1935:9)
    at /Users/muchniki/.nvm/versions/node/v6.9.5/lib/node_modules/protractor/node_modules/jasmine-core/lib/jasmine-core/jasmine.js:1962:16
    at /Users/muchniki/.nvm/versions/node/v6.9.5/lib/node_modules/protractor/node_modules/jasmine-core/lib/jasmine-core/jasmine.js:1905:9
    at Function.next.fail (/Users/muchniki/.nvm/versions/node/v6.9.5/lib/node_modules/protractor/node_modules/jasmine-core/lib/jasmine-core/jasmine.js:1968:9)
    at /Users/muchniki/.nvm/versions/node/v6.9.5/lib/node_modules/protractor/node_modules/jasminewd2/index.js:64:48
    at ControlFlow.emit (/Users/muchniki/.nvm/versions/node/v6.9.5/lib/node_modules/protractor/node_modules/selenium-webdriver/lib/events.js:62:21)
    at ControlFlow.shutdown_ (/Users/muchniki/.nvm/versions/node/v6.9.5/lib/node_modules/protractor/node_modules/selenium-webdriver/lib/promise.js:2565:10)
    at shutdownTask_.MicroTask (/Users/muchniki/.nvm/versions/node/v6.9.5/lib/node_modules/protractor/node_modules/selenium-webdriver/lib/promise.js:2490:53)
From asynchronous test: 
Error
    at Suite.<anonymous> (/Users/muchniki/dev/cfgov-refresh/test/browser_tests/spec_suites/integration/multiselect.js:189:5)
    at addSpecsToSuite (/Users/muchniki/.nvm/versions/node/v6.9.5/lib/node_modules/protractor/node_modules/jasmine-core/lib/jasmine-core/jasmine.js:867:25)
    at Env.describe (/Users/muchniki/.nvm/versions/node/v6.9.5/lib/node_modules/protractor/node_modules/jasmine-core/lib/jasmine-core/jasmine.js:836:7)
    at describe (/Users/muchniki/.nvm/versions/node/v6.9.5/lib/node_modules/protractor/node_modules/jasmine-core/lib/jasmine-core/jasmine.js:3576:18)
    at Suite.<anonymous> (/Users/muchniki/dev/cfgov-refresh/test/browser_tests/spec_suites/integration/multiselect.js:184:3)
    at addSpecsToSuite (/Users/muchniki/.nvm/versions/node/v6.9.5/lib/node_modules/protractor/node_modules/jasmine-core/lib/jasmine-core/jasmine.js:867:25)
    at Env.describe (/Users/muchniki/.nvm/versions/node/v6.9.5/lib/node_modules/protractor/node_modules/jasmine-core/lib/jasmine-core/jasmine.js:836:7)
    at describe (/Users/muchniki/.nvm/versions/node/v6.9.5/lib/node_modules/protractor/node_modules/jasmine-core/lib/jasmine-core/jasmine.js:3576:18)
    at Object.<anonymous> (/Users/muchniki/dev/cfgov-refresh/test/browser_tests/spec_suites/integration/multiselect.js:7:1)]]>
   </failure>
  </testcase>
 </testsuite>
 <testsuite name="focused specs.Pagination" timestamp="2017-03-01T17:32:44" hostname="localhost" time="0.79" errors="0" tests="3" skipped="0" disabled="0" failures="3">
  <testcase classname="focused specs.Pagination" name="should navigate to the second page" time="0.267">
   <failure type="exception" message="Failed: No element found using locator: By(css selector, .m-pagination)"><![CDATA[NoSuchElementError: No element found using locator: By(css selector, .m-pagination)
    at WebDriverError (/Users/muchniki/.nvm/versions/node/v6.9.5/lib/node_modules/protractor/node_modules/selenium-webdriver/lib/error.js:27:5)
    at NoSuchElementError (/Users/muchniki/.nvm/versions/node/v6.9.5/lib/node_modules/protractor/node_modules/selenium-webdriver/lib/error.js:168:5)
    at elementArrayFinder.getWebElements.then (/Users/muchniki/.nvm/versions/node/v6.9.5/lib/node_modules/protractor/lib/element.ts:851:17)
    at ManagedPromise.invokeCallback_ (/Users/muchniki/.nvm/versions/node/v6.9.5/lib/node_modules/protractor/node_modules/selenium-webdriver/lib/promise.js:1366:14)
    at TaskQueue.execute_ (/Users/muchniki/.nvm/versions/node/v6.9.5/lib/node_modules/protractor/node_modules/selenium-webdriver/lib/promise.js:2970:14)
    at TaskQueue.executeNext_ (/Users/muchniki/.nvm/versions/node/v6.9.5/lib/node_modules/protractor/node_modules/selenium-webdriver/lib/promise.js:2953:27)
    at asyncRun (/Users/muchniki/.nvm/versions/node/v6.9.5/lib/node_modules/protractor/node_modules/selenium-webdriver/lib/promise.js:2813:27)
    at /Users/muchniki/.nvm/versions/node/v6.9.5/lib/node_modules/protractor/node_modules/selenium-webdriver/lib/promise.js:676:7
    at process._tickCallback (internal/process/next_tick.js:103:7)Error
    at ElementArrayFinder.applyAction_ (/Users/muchniki/.nvm/versions/node/v6.9.5/lib/node_modules/protractor/lib/element.ts:482:23)
    at ElementArrayFinder.(anonymous function) [as click] (/Users/muchniki/.nvm/versions/node/v6.9.5/lib/node_modules/protractor/lib/element.ts:96:21)
    at ElementFinder.(anonymous function) [as click] (/Users/muchniki/.nvm/versions/node/v6.9.5/lib/node_modules/protractor/lib/element.ts:873:14)
    at Object.<anonymous> (/Users/muchniki/dev/cfgov-refresh/test/browser_tests/spec_suites/integration/pagination.js:16:28)
    at /Users/muchniki/.nvm/versions/node/v6.9.5/lib/node_modules/protractor/node_modules/jasminewd2/index.js:110:25
    at new ManagedPromise (/Users/muchniki/.nvm/versions/node/v6.9.5/lib/node_modules/protractor/node_modules/selenium-webdriver/lib/promise.js:1067:7)
    at ControlFlow.promise (/Users/muchniki/.nvm/versions/node/v6.9.5/lib/node_modules/protractor/node_modules/selenium-webdriver/lib/promise.js:2396:12)
    at schedulerExecute (/Users/muchniki/.nvm/versions/node/v6.9.5/lib/node_modules/protractor/node_modules/jasminewd2/index.js:95:18)
    at TaskQueue.execute_ (/Users/muchniki/.nvm/versions/node/v6.9.5/lib/node_modules/protractor/node_modules/selenium-webdriver/lib/promise.js:2970:14)
    at TaskQueue.executeNext_ (/Users/muchniki/.nvm/versions/node/v6.9.5/lib/node_modules/protractor/node_modules/selenium-webdriver/lib/promise.js:2953:27)
From: Task: Run it("should navigate to the second page") in control flow
    at Object.<anonymous> (/Users/muchniki/.nvm/versions/node/v6.9.5/lib/node_modules/protractor/node_modules/jasminewd2/index.js:94:19)
    at attemptAsync (/Users/muchniki/.nvm/versions/node/v6.9.5/lib/node_modules/protractor/node_modules/jasmine-core/lib/jasmine-core/jasmine.js:1980:24)
    at QueueRunner.run (/Users/muchniki/.nvm/versions/node/v6.9.5/lib/node_modules/protractor/node_modules/jasmine-core/lib/jasmine-core/jasmine.js:1935:9)
    at /Users/muchniki/.nvm/versions/node/v6.9.5/lib/node_modules/protractor/node_modules/jasmine-core/lib/jasmine-core/jasmine.js:1962:16
    at /Users/muchniki/.nvm/versions/node/v6.9.5/lib/node_modules/protractor/node_modules/jasmine-core/lib/jasmine-core/jasmine.js:1905:9
    at /Users/muchniki/.nvm/versions/node/v6.9.5/lib/node_modules/protractor/node_modules/jasminewd2/index.js:64:48
    at ControlFlow.emit (/Users/muchniki/.nvm/versions/node/v6.9.5/lib/node_modules/protractor/node_modules/selenium-webdriver/lib/events.js:62:21)
    at ControlFlow.shutdown_ (/Users/muchniki/.nvm/versions/node/v6.9.5/lib/node_modules/protractor/node_modules/selenium-webdriver/lib/promise.js:2565:10)
    at shutdownTask_.MicroTask (/Users/muchniki/.nvm/versions/node/v6.9.5/lib/node_modules/protractor/node_modules/selenium-webdriver/lib/promise.js:2490:53)
    at MicroTask.asyncRun (/Users/muchniki/.nvm/versions/node/v6.9.5/lib/node_modules/protractor/node_modules/selenium-webdriver/lib/promise.js:2619:9)
From asynchronous test: 
Error
    at Suite.<anonymous> (/Users/muchniki/dev/cfgov-refresh/test/browser_tests/spec_suites/integration/pagination.js:15:3)
    at addSpecsToSuite (/Users/muchniki/.nvm/versions/node/v6.9.5/lib/node_modules/protractor/node_modules/jasmine-core/lib/jasmine-core/jasmine.js:867:25)
    at Env.describe (/Users/muchniki/.nvm/versions/node/v6.9.5/lib/node_modules/protractor/node_modules/jasmine-core/lib/jasmine-core/jasmine.js:836:7)
    at describe (/Users/muchniki/.nvm/versions/node/v6.9.5/lib/node_modules/protractor/node_modules/jasmine-core/lib/jasmine-core/jasmine.js:3576:18)
    at Object.<anonymous> (/Users/muchniki/dev/cfgov-refresh/test/browser_tests/spec_suites/integration/pagination.js:7:1)
    at Module._compile (module.js:570:32)
    at Object.Module._extensions..js (module.js:579:10)
    at Module.load (module.js:487:32)
    at tryModuleLoad (module.js:446:12)]]>
   </failure>
  </testcase>
  <testcase classname="focused specs.Pagination" name="should navigate to the first page" time="0.257">
   <failure type="exception" message="Failed: No element found using locator: By(css selector, .m-pagination)"><![CDATA[NoSuchElementError: No element found using locator: By(css selector, .m-pagination)
    at WebDriverError (/Users/muchniki/.nvm/versions/node/v6.9.5/lib/node_modules/protractor/node_modules/selenium-webdriver/lib/error.js:27:5)
    at NoSuchElementError (/Users/muchniki/.nvm/versions/node/v6.9.5/lib/node_modules/protractor/node_modules/selenium-webdriver/lib/error.js:168:5)
    at elementArrayFinder.getWebElements.then (/Users/muchniki/.nvm/versions/node/v6.9.5/lib/node_modules/protractor/lib/element.ts:851:17)
    at ManagedPromise.invokeCallback_ (/Users/muchniki/.nvm/versions/node/v6.9.5/lib/node_modules/protractor/node_modules/selenium-webdriver/lib/promise.js:1366:14)
    at TaskQueue.execute_ (/Users/muchniki/.nvm/versions/node/v6.9.5/lib/node_modules/protractor/node_modules/selenium-webdriver/lib/promise.js:2970:14)
    at TaskQueue.executeNext_ (/Users/muchniki/.nvm/versions/node/v6.9.5/lib/node_modules/protractor/node_modules/selenium-webdriver/lib/promise.js:2953:27)
    at asyncRun (/Users/muchniki/.nvm/versions/node/v6.9.5/lib/node_modules/protractor/node_modules/selenium-webdriver/lib/promise.js:2813:27)
    at /Users/muchniki/.nvm/versions/node/v6.9.5/lib/node_modules/protractor/node_modules/selenium-webdriver/lib/promise.js:676:7
    at process._tickCallback (internal/process/next_tick.js:103:7)Error
    at ElementArrayFinder.applyAction_ (/Users/muchniki/.nvm/versions/node/v6.9.5/lib/node_modules/protractor/lib/element.ts:482:23)
    at ElementArrayFinder.(anonymous function) [as click] (/Users/muchniki/.nvm/versions/node/v6.9.5/lib/node_modules/protractor/lib/element.ts:96:21)
    at ElementFinder.(anonymous function) [as click] (/Users/muchniki/.nvm/versions/node/v6.9.5/lib/node_modules/protractor/lib/element.ts:873:14)
    at Object.<anonymous> (/Users/muchniki/dev/cfgov-refresh/test/browser_tests/spec_suites/integration/pagination.js:23:28)
    at /Users/muchniki/.nvm/versions/node/v6.9.5/lib/node_modules/protractor/node_modules/jasminewd2/index.js:110:25
    at new ManagedPromise (/Users/muchniki/.nvm/versions/node/v6.9.5/lib/node_modules/protractor/node_modules/selenium-webdriver/lib/promise.js:1067:7)
    at ControlFlow.promise (/Users/muchniki/.nvm/versions/node/v6.9.5/lib/node_modules/protractor/node_modules/selenium-webdriver/lib/promise.js:2396:12)
    at schedulerExecute (/Users/muchniki/.nvm/versions/node/v6.9.5/lib/node_modules/protractor/node_modules/jasminewd2/index.js:95:18)
    at TaskQueue.execute_ (/Users/muchniki/.nvm/versions/node/v6.9.5/lib/node_modules/protractor/node_modules/selenium-webdriver/lib/promise.js:2970:14)
    at TaskQueue.executeNext_ (/Users/muchniki/.nvm/versions/node/v6.9.5/lib/node_modules/protractor/node_modules/selenium-webdriver/lib/promise.js:2953:27)
From: Task: Run it("should navigate to the first page") in control flow
    at Object.<anonymous> (/Users/muchniki/.nvm/versions/node/v6.9.5/lib/node_modules/protractor/node_modules/jasminewd2/index.js:94:19)
    at attemptAsync (/Users/muchniki/.nvm/versions/node/v6.9.5/lib/node_modules/protractor/node_modules/jasmine-core/lib/jasmine-core/jasmine.js:1980:24)
    at QueueRunner.run (/Users/muchniki/.nvm/versions/node/v6.9.5/lib/node_modules/protractor/node_modules/jasmine-core/lib/jasmine-core/jasmine.js:1935:9)
    at /Users/muchniki/.nvm/versions/node/v6.9.5/lib/node_modules/protractor/node_modules/jasmine-core/lib/jasmine-core/jasmine.js:1962:16
    at /Users/muchniki/.nvm/versions/node/v6.9.5/lib/node_modules/protractor/node_modules/jasmine-core/lib/jasmine-core/jasmine.js:1905:9
    at /Users/muchniki/.nvm/versions/node/v6.9.5/lib/node_modules/protractor/node_modules/jasminewd2/index.js:64:48
    at ControlFlow.emit (/Users/muchniki/.nvm/versions/node/v6.9.5/lib/node_modules/protractor/node_modules/selenium-webdriver/lib/events.js:62:21)
    at ControlFlow.shutdown_ (/Users/muchniki/.nvm/versions/node/v6.9.5/lib/node_modules/protractor/node_modules/selenium-webdriver/lib/promise.js:2565:10)
    at shutdownTask_.MicroTask (/Users/muchniki/.nvm/versions/node/v6.9.5/lib/node_modules/protractor/node_modules/selenium-webdriver/lib/promise.js:2490:53)
    at MicroTask.asyncRun (/Users/muchniki/.nvm/versions/node/v6.9.5/lib/node_modules/protractor/node_modules/selenium-webdriver/lib/promise.js:2619:9)
From asynchronous test: 
Error
    at Suite.<anonymous> (/Users/muchniki/dev/cfgov-refresh/test/browser_tests/spec_suites/integration/pagination.js:22:3)
    at addSpecsToSuite (/Users/muchniki/.nvm/versions/node/v6.9.5/lib/node_modules/protractor/node_modules/jasmine-core/lib/jasmine-core/jasmine.js:867:25)
    at Env.describe (/Users/muchniki/.nvm/versions/node/v6.9.5/lib/node_modules/protractor/node_modules/jasmine-core/lib/jasmine-core/jasmine.js:836:7)
    at describe (/Users/muchniki/.nvm/versions/node/v6.9.5/lib/node_modules/protractor/node_modules/jasmine-core/lib/jasmine-core/jasmine.js:3576:18)
    at Object.<anonymous> (/Users/muchniki/dev/cfgov-refresh/test/browser_tests/spec_suites/integration/pagination.js:7:1)
    at Module._compile (module.js:570:32)
    at Object.Module._extensions..js (module.js:579:10)
    at Module.load (module.js:487:32)
    at tryModuleLoad (module.js:446:12)]]>
   </failure>
  </testcase>
  <testcase classname="focused specs.Pagination" name="should navigate to the fifth page" time="0.265">
   <failure type="exception" message="Failed: No element found using locator: By(css selector, .m-pagination)"><![CDATA[NoSuchElementError: No element found using locator: By(css selector, .m-pagination)
    at WebDriverError (/Users/muchniki/.nvm/versions/node/v6.9.5/lib/node_modules/protractor/node_modules/selenium-webdriver/lib/error.js:27:5)
    at NoSuchElementError (/Users/muchniki/.nvm/versions/node/v6.9.5/lib/node_modules/protractor/node_modules/selenium-webdriver/lib/error.js:168:5)
    at elementArrayFinder.getWebElements.then (/Users/muchniki/.nvm/versions/node/v6.9.5/lib/node_modules/protractor/lib/element.ts:851:17)
    at ManagedPromise.invokeCallback_ (/Users/muchniki/.nvm/versions/node/v6.9.5/lib/node_modules/protractor/node_modules/selenium-webdriver/lib/promise.js:1366:14)
    at TaskQueue.execute_ (/Users/muchniki/.nvm/versions/node/v6.9.5/lib/node_modules/protractor/node_modules/selenium-webdriver/lib/promise.js:2970:14)
    at TaskQueue.executeNext_ (/Users/muchniki/.nvm/versions/node/v6.9.5/lib/node_modules/protractor/node_modules/selenium-webdriver/lib/promise.js:2953:27)
    at asyncRun (/Users/muchniki/.nvm/versions/node/v6.9.5/lib/node_modules/protractor/node_modules/selenium-webdriver/lib/promise.js:2813:27)
    at /Users/muchniki/.nvm/versions/node/v6.9.5/lib/node_modules/protractor/node_modules/selenium-webdriver/lib/promise.js:676:7
    at process._tickCallback (internal/process/next_tick.js:103:7)Error
    at ElementArrayFinder.applyAction_ (/Users/muchniki/.nvm/versions/node/v6.9.5/lib/node_modules/protractor/lib/element.ts:482:23)
    at ElementArrayFinder.(anonymous function) [as sendKeys] (/Users/muchniki/.nvm/versions/node/v6.9.5/lib/node_modules/protractor/lib/element.ts:96:21)
    at ElementFinder.(anonymous function) [as sendKeys] (/Users/muchniki/.nvm/versions/node/v6.9.5/lib/node_modules/protractor/lib/element.ts:873:14)
    at Object.<anonymous> (/Users/muchniki/dev/cfgov-refresh/test/browser_tests/spec_suites/integration/pagination.js:33:30)
    at /Users/muchniki/.nvm/versions/node/v6.9.5/lib/node_modules/protractor/node_modules/jasminewd2/index.js:110:25
    at new ManagedPromise (/Users/muchniki/.nvm/versions/node/v6.9.5/lib/node_modules/protractor/node_modules/selenium-webdriver/lib/promise.js:1067:7)
    at ControlFlow.promise (/Users/muchniki/.nvm/versions/node/v6.9.5/lib/node_modules/protractor/node_modules/selenium-webdriver/lib/promise.js:2396:12)
    at schedulerExecute (/Users/muchniki/.nvm/versions/node/v6.9.5/lib/node_modules/protractor/node_modules/jasminewd2/index.js:95:18)
    at TaskQueue.execute_ (/Users/muchniki/.nvm/versions/node/v6.9.5/lib/node_modules/protractor/node_modules/selenium-webdriver/lib/promise.js:2970:14)
    at TaskQueue.executeNext_ (/Users/muchniki/.nvm/versions/node/v6.9.5/lib/node_modules/protractor/node_modules/selenium-webdriver/lib/promise.js:2953:27)
From: Task: Run it("should navigate to the fifth page") in control flow
    at Object.<anonymous> (/Users/muchniki/.nvm/versions/node/v6.9.5/lib/node_modules/protractor/node_modules/jasminewd2/index.js:94:19)
    at attemptAsync (/Users/muchniki/.nvm/versions/node/v6.9.5/lib/node_modules/protractor/node_modules/jasmine-core/lib/jasmine-core/jasmine.js:1980:24)
    at QueueRunner.run (/Users/muchniki/.nvm/versions/node/v6.9.5/lib/node_modules/protractor/node_modules/jasmine-core/lib/jasmine-core/jasmine.js:1935:9)
    at /Users/muchniki/.nvm/versions/node/v6.9.5/lib/node_modules/protractor/node_modules/jasmine-core/lib/jasmine-core/jasmine.js:1962:16
    at /Users/muchniki/.nvm/versions/node/v6.9.5/lib/node_modules/protractor/node_modules/jasmine-core/lib/jasmine-core/jasmine.js:1905:9
    at /Users/muchniki/.nvm/versions/node/v6.9.5/lib/node_modules/protractor/node_modules/jasminewd2/index.js:64:48
    at ControlFlow.emit (/Users/muchniki/.nvm/versions/node/v6.9.5/lib/node_modules/protractor/node_modules/selenium-webdriver/lib/events.js:62:21)
    at ControlFlow.shutdown_ (/Users/muchniki/.nvm/versions/node/v6.9.5/lib/node_modules/protractor/node_modules/selenium-webdriver/lib/promise.js:2565:10)
    at shutdownTask_.MicroTask (/Users/muchniki/.nvm/versions/node/v6.9.5/lib/node_modules/protractor/node_modules/selenium-webdriver/lib/promise.js:2490:53)
    at MicroTask.asyncRun (/Users/muchniki/.nvm/versions/node/v6.9.5/lib/node_modules/protractor/node_modules/selenium-webdriver/lib/promise.js:2619:9)
From asynchronous test: 
Error
    at Suite.<anonymous> (/Users/muchniki/dev/cfgov-refresh/test/browser_tests/spec_suites/integration/pagination.js:32:3)
    at addSpecsToSuite (/Users/muchniki/.nvm/versions/node/v6.9.5/lib/node_modules/protractor/node_modules/jasmine-core/lib/jasmine-core/jasmine.js:867:25)
    at Env.describe (/Users/muchniki/.nvm/versions/node/v6.9.5/lib/node_modules/protractor/node_modules/jasmine-core/lib/jasmine-core/jasmine.js:836:7)
    at describe (/Users/muchniki/.nvm/versions/node/v6.9.5/lib/node_modules/protractor/node_modules/jasmine-core/lib/jasmine-core/jasmine.js:3576:18)
    at Object.<anonymous> (/Users/muchniki/dev/cfgov-refresh/test/browser_tests/spec_suites/integration/pagination.js:7:1)
    at Module._compile (module.js:570:32)
    at Object.Module._extensions..js (module.js:579:10)
    at Module.load (module.js:487:32)
    at tryModuleLoad (module.js:446:12)]]>
   </failure>
  </testcase>
 </testsuite>
</testsuites>